This file contains any messages produced by compilers while
running configure, to aid debugging if configure makes a mistake.

It was created by bluez configure 5.44, which was
generated by GNU Autoconf 2.69.  Invocation command line was

  $ ./configure --prefix=/disk4/liangshen/practice/bluez_outdir --host=arm-linux CC=arm-himix200-linux-gcc CFLAGS=-I/disk4/liangshen/practice/bluez_outdir/include/ -I/disk4/liangshen/practice/bluez_outdir/include/glib-2.0 -I/disk4/liangshen/practice/bluez_outdir/include/dbus-1.0 LDFLAGS=-lncurses  -lreadline -ldbus-1 -lglib-2.0 -lical -L//disk4/liangshen/practice/bluez_outdir/lib -L/disk4/liangshen/practice/bluez_outdir/lib DBUS_CFLAGS=-I/disk4/liangshen/practice/bluez_outdir/lib/dbus-1.0/include DBUS_LIBS=-L/disk4/liangshen/practice/bluez_outdir/lib GLIB_CFLAGS=-I/disk4/liangshen/practice/bluez_outdir/lib/glib-2.0/include GLIB_LIBS=-L/disk4/liangshen/practice/bluez_outdir/lib ICAL_CFLAGS=-I/disk4/liangshen/practice/bluez_outdir/include ICAL_LIBS=-L/disk4/liangshen/practice/bluez_outdir/lib --enable-library --sysconfdir=/etc --localstatedir=/var --enable-experimental --with-systemdsystemunitdir=/lib/systemd/system --with-systemduserunitdir=/usr/lib/system --with-dbusconfdir=/disk4/liangshen/practice/bluez_outdir/dbus-1/system.d --enable-testing --enable-experimental --enable-deprecated --disable-systemd --disable-udev --disable-cups --disable-obex

## --------- ##
## Platform. ##
## --------- ##

hostname = compi03-an
uname -m = x86_64
uname -r = 4.4.0-116-generic
uname -s = Linux
uname -v = #140-Ubuntu SMP Mon Feb 12 21:23:04 UTC 2018

/usr/bin/uname -p = unknown
/bin/uname -X     = unknown

/bin/arch              = unknown
/usr/bin/arch -k       = unknown
/usr/convex/getsysinfo = unknown
/usr/bin/hostinfo      = unknown
/bin/machine           = unknown
/usr/bin/oslevel       = unknown
/bin/universe          = unknown

PATH: /disk4/liangshen/bin
PATH: /disk4/liangshen/.local/bin
PATH: /opt/node-v14.16.0-linux-x64/bin
PATH: /opt/mips-gcc540-glibc-64bit/bin
PATH: /opt/gcc-arm-8.3-2019.03-x86_64-arm-linux-gnueabihf/bin
PATH: /opt/hisi-linux/x86-arm/arm-himix100-linux/bin
PATH: /opt/hisi-linux/x86-arm/arm-hisiv510-linux/target/bin
PATH: /opt/hisi-linux/x86-arm/arm-himix200-linux/bin
PATH: /opt/hisi-linux/x86-arm/gcc-arm-none-eabi-4_9-2015q3/bin
PATH: /opt/hisi-linux/x86-arm/aarch64-himix100-linux/bin
PATH: /bin/repo
PATH: /usr/local/sbin
PATH: /usr/local/bin
PATH: /usr/sbin
PATH: /usr/bin
PATH: /sbin
PATH: /bin
PATH: /usr/games
PATH: /usr/local/games
PATH: /snap/bin
PATH: /usr/lib/jvm/java-8-oracle/bin
PATH: /usr/lib/jvm/java-8-oracle/db/bin
PATH: /usr/lib/jvm/java-8-oracle/jre/bin


## ----------- ##
## Core tests. ##
## ----------- ##

configure:2465: checking for a BSD-compatible install
configure:2533: result: /usr/bin/install -c
configure:2544: checking whether build environment is sane
configure:2599: result: yes
configure:2658: checking for arm-linux-strip
configure:2688: result: no
configure:2698: checking for strip
configure:2714: found /usr/bin/strip
configure:2725: result: strip
configure:2750: checking for a thread-safe mkdir -p
configure:2789: result: /bin/mkdir -p
configure:2796: checking for gawk
configure:2812: found /usr/bin/gawk
configure:2823: result: gawk
configure:2834: checking whether make sets $(MAKE)
configure:2856: result: yes
configure:2885: checking whether make supports nested variables
configure:2902: result: yes
configure:2981: checking how to create a pax tar archive
configure:2992: tar --version
tar (GNU tar) 1.28
Copyright (C) 2014 Free Software Foundation, Inc.
License GPLv3+: GNU GPL version 3 or later <http://gnu.org/licenses/gpl.html>.
This is free software: you are free to change and redistribute it.
There is NO WARRANTY, to the extent permitted by law.

Written by John Gilmore and Jay Fenlason.
configure:2995: $? = 0
configure:3035: tardir=conftest.dir && eval tar --format=posix -chf - "$tardir" >conftest.tar
configure:3038: $? = 0
configure:3042: tar -xf - <conftest.tar
configure:3045: $? = 0
configure:3047: cat conftest.dir/file
GrepMe
configure:3050: $? = 0
configure:3063: result: gnutar
configure:3127: checking for style of include used by make
configure:3155: result: GNU
configure:3186: checking for arm-linux-gcc
configure:3213: result: arm-himix200-linux-gcc
configure:3482: checking for C compiler version
configure:3491: arm-himix200-linux-gcc --version >&5
arm-himix200-linux-gcc (HC&C V100R002C00B021_20180917) 6.3.0
Copyright (C) 2016 Free Software Foundation, Inc.
This is free software; see the source for copying conditions.  There is NO
warranty; not even for MERCHANTABILITY or FITNESS FOR A PARTICULAR PURPOSE.

configure:3502: $? = 0
configure:3491: arm-himix200-linux-gcc -v >&5
Using built-in specs.
COLLECT_GCC=arm-himix200-linux-gcc
COLLECT_LTO_WRAPPER=/opt/hisi-linux/x86-arm/arm-himix200-linux/host_bin/../libexec/gcc/arm-linux-gnueabi/6.3.0/lto-wrapper
Target: arm-linux-gnueabi
Configured with: /usr1/code/CODE_CCTD_V1R2C00/code/current/SDK_CPU_UNIFIED/build/script/arm-himix200-linux/arm_himix200_build_dir/src/gcc-6.3.0/configure --host=i586-suse-linux --build=i586-suse-linux --target=arm-linux-gnueabi --prefix=/usr1/code/CODE_CCTD_V1R2C00/code/current/SDK_CPU_UNIFIED/build/script/arm-himix200-linux/arm_himix200_build_dir/install --enable-threads --disable-libmudflap --disable-libssp --disable-libstdcxx-pch --with-gnu-as --with-gnu-ld --enable-languages=c,c++ --enable-shared --enable-lto --enable-symvers=gnu --enable-__cxa_atexit --enable-nls --enable-clocale=gnu --enable-extra-hisi-multilibs --with-sysroot=/usr1/code/CODE_CCTD_V1R2C00/code/current/SDK_CPU_UNIFIED/build/script/arm-himix200-linux/arm_himix200_build_dir/install/target --with-build-sysroot=/usr1/code/CODE_CCTD_V1R2C00/code/current/SDK_CPU_UNIFIED/build/script/arm-himix200-linux/arm_himix200_build_dir/install/target --with-gmp=/usr1/code/CODE_CCTD_V1R2C00/code/current/SDK_CPU_UNIFIED/build/script/arm-himix200-linux/arm_himix200_build_dir/obj/host-libs/usr --with-mpfr=/usr1/code/CODE_CCTD_V1R2C00/code/current/SDK_CPU_UNIFIED/build/script/arm-himix200-linux/arm_himix200_build_dir/obj/host-libs/usr --with-mpc=/usr1/code/CODE_CCTD_V1R2C00/code/current/SDK_CPU_UNIFIED/build/script/arm-himix200-linux/arm_himix200_build_dir/obj/host-libs/usr --enable-libgomp --disable-libitm --enable-poison-system-directories --with-pkgversion='HC&C V100R002C00B021_20180917'
Thread model: posix
gcc version 6.3.0 (HC&C V100R002C00B021_20180917) 
configure:3502: $? = 0
configure:3491: arm-himix200-linux-gcc -V >&5
arm-himix200-linux-gcc: error: unrecognized command line option '-V'
arm-himix200-linux-gcc: fatal error: no input files
compilation terminated.
configure:3502: $? = 1
configure:3491: arm-himix200-linux-gcc -qversion >&5
arm-himix200-linux-gcc: error: unrecognized command line option '-qversion'; did you mean '--version'?
arm-himix200-linux-gcc: fatal error: no input files
compilation terminated.
configure:3502: $? = 1
configure:3522: checking whether the C compiler works
configure:3544: arm-himix200-linux-gcc -I/disk4/liangshen/practice/bluez_outdir/include/ -I/disk4/liangshen/practice/bluez_outdir/include/glib-2.0 -I/disk4/liangshen/practice/bluez_outdir/include/dbus-1.0  -lncurses  -lreadline -ldbus-1 -lglib-2.0 -lical -L//disk4/liangshen/practice/bluez_outdir/lib -L/disk4/liangshen/practice/bluez_outdir/lib conftest.c  >&5
configure:3548: $? = 0
configure:3596: result: yes
configure:3599: checking for C compiler default output file name
configure:3601: result: a.out
configure:3607: checking for suffix of executables
configure:3614: arm-himix200-linux-gcc -o conftest -I/disk4/liangshen/practice/bluez_outdir/include/ -I/disk4/liangshen/practice/bluez_outdir/include/glib-2.0 -I/disk4/liangshen/practice/bluez_outdir/include/dbus-1.0  -lncurses  -lreadline -ldbus-1 -lglib-2.0 -lical -L//disk4/liangshen/practice/bluez_outdir/lib -L/disk4/liangshen/practice/bluez_outdir/lib conftest.c  >&5
configure:3618: $? = 0
configure:3640: result: 
configure:3662: checking whether we are cross compiling
configure:3670: arm-himix200-linux-gcc -o conftest -I/disk4/liangshen/practice/bluez_outdir/include/ -I/disk4/liangshen/practice/bluez_outdir/include/glib-2.0 -I/disk4/liangshen/practice/bluez_outdir/include/dbus-1.0  -lncurses  -lreadline -ldbus-1 -lglib-2.0 -lical -L//disk4/liangshen/practice/bluez_outdir/lib -L/disk4/liangshen/practice/bluez_outdir/lib conftest.c  >&5
configure:3674: $? = 0
configure:3681: ./conftest
./conftest: error while loading shared libraries: libncurses.so.5: cannot open shared object file: No such file or directory
configure:3685: $? = 127
configure:3700: result: yes
configure:3705: checking for suffix of object files
configure:3727: arm-himix200-linux-gcc -c -I/disk4/liangshen/practice/bluez_outdir/include/ -I/disk4/liangshen/practice/bluez_outdir/include/glib-2.0 -I/disk4/liangshen/practice/bluez_outdir/include/dbus-1.0  conftest.c >&5
configure:3731: $? = 0
configure:3752: result: o
configure:3756: checking whether we are using the GNU C compiler
configure:3775: arm-himix200-linux-gcc -c -I/disk4/liangshen/practice/bluez_outdir/include/ -I/disk4/liangshen/practice/bluez_outdir/include/glib-2.0 -I/disk4/liangshen/practice/bluez_outdir/include/dbus-1.0  conftest.c >&5
configure:3775: $? = 0
configure:3784: result: yes
configure:3793: checking whether arm-himix200-linux-gcc accepts -g
configure:3813: arm-himix200-linux-gcc -c -g  conftest.c >&5
configure:3813: $? = 0
configure:3854: result: yes
configure:3871: checking for arm-himix200-linux-gcc option to accept ISO C89
configure:3934: arm-himix200-linux-gcc  -c -I/disk4/liangshen/practice/bluez_outdir/include/ -I/disk4/liangshen/practice/bluez_outdir/include/glib-2.0 -I/disk4/liangshen/practice/bluez_outdir/include/dbus-1.0  conftest.c >&5
configure:3934: $? = 0
configure:3947: result: none needed
configure:3972: checking whether arm-himix200-linux-gcc understands -c and -o together
configure:3994: arm-himix200-linux-gcc -c conftest.c -o conftest2.o
configure:3997: $? = 0
configure:3994: arm-himix200-linux-gcc -c conftest.c -o conftest2.o
configure:3997: $? = 0
configure:4009: result: yes
configure:4028: checking dependency style of arm-himix200-linux-gcc
configure:4139: result: gcc3
configure:4160: checking how to run the C preprocessor
configure:4191: arm-himix200-linux-gcc -E  conftest.c
configure:4191: $? = 0
configure:4205: arm-himix200-linux-gcc -E  conftest.c
conftest.c:11:28: fatal error: ac_nonexistent.h: No such file or directory
 #include <ac_nonexistent.h>
                            ^
compilation terminated.
configure:4205: $? = 1
configure: failed program was:
| /* confdefs.h */
| #define PACKAGE_NAME "bluez"
| #define PACKAGE_TARNAME "bluez"
| #define PACKAGE_VERSION "5.44"
| #define PACKAGE_STRING "bluez 5.44"
| #define PACKAGE_BUGREPORT ""
| #define PACKAGE_URL ""
| #define PACKAGE "bluez"
| #define VERSION "5.44"
| /* end confdefs.h.  */
| #include <ac_nonexistent.h>
configure:4230: result: arm-himix200-linux-gcc -E
configure:4250: arm-himix200-linux-gcc -E  conftest.c
configure:4250: $? = 0
configure:4264: arm-himix200-linux-gcc -E  conftest.c
conftest.c:11:28: fatal error: ac_nonexistent.h: No such file or directory
 #include <ac_nonexistent.h>
                            ^
compilation terminated.
configure:4264: $? = 1
configure: failed program was:
| /* confdefs.h */
| #define PACKAGE_NAME "bluez"
| #define PACKAGE_TARNAME "bluez"
| #define PACKAGE_VERSION "5.44"
| #define PACKAGE_STRING "bluez 5.44"
| #define PACKAGE_BUGREPORT ""
| #define PACKAGE_URL ""
| #define PACKAGE "bluez"
| #define VERSION "5.44"
| /* end confdefs.h.  */
| #include <ac_nonexistent.h>
configure:4293: checking for grep that handles long lines and -e
configure:4351: result: /bin/grep
configure:4356: checking for egrep
configure:4418: result: /bin/grep -E
configure:4423: checking for ANSI C header files
configure:4443: arm-himix200-linux-gcc -c -I/disk4/liangshen/practice/bluez_outdir/include/ -I/disk4/liangshen/practice/bluez_outdir/include/glib-2.0 -I/disk4/liangshen/practice/bluez_outdir/include/dbus-1.0  conftest.c >&5
configure:4443: $? = 0
configure:4527: result: yes
configure:4540: checking for sys/types.h
configure:4540: arm-himix200-linux-gcc -c -I/disk4/liangshen/practice/bluez_outdir/include/ -I/disk4/liangshen/practice/bluez_outdir/include/glib-2.0 -I/disk4/liangshen/practice/bluez_outdir/include/dbus-1.0  conftest.c >&5
configure:4540: $? = 0
configure:4540: result: yes
configure:4540: checking for sys/stat.h
configure:4540: arm-himix200-linux-gcc -c -I/disk4/liangshen/practice/bluez_outdir/include/ -I/disk4/liangshen/practice/bluez_outdir/include/glib-2.0 -I/disk4/liangshen/practice/bluez_outdir/include/dbus-1.0  conftest.c >&5
configure:4540: $? = 0
configure:4540: result: yes
configure:4540: checking for stdlib.h
configure:4540: arm-himix200-linux-gcc -c -I/disk4/liangshen/practice/bluez_outdir/include/ -I/disk4/liangshen/practice/bluez_outdir/include/glib-2.0 -I/disk4/liangshen/practice/bluez_outdir/include/dbus-1.0  conftest.c >&5
configure:4540: $? = 0
configure:4540: result: yes
configure:4540: checking for string.h
configure:4540: arm-himix200-linux-gcc -c -I/disk4/liangshen/practice/bluez_outdir/include/ -I/disk4/liangshen/practice/bluez_outdir/include/glib-2.0 -I/disk4/liangshen/practice/bluez_outdir/include/dbus-1.0  conftest.c >&5
configure:4540: $? = 0
configure:4540: result: yes
configure:4540: checking for memory.h
configure:4540: arm-himix200-linux-gcc -c -I/disk4/liangshen/practice/bluez_outdir/include/ -I/disk4/liangshen/practice/bluez_outdir/include/glib-2.0 -I/disk4/liangshen/practice/bluez_outdir/include/dbus-1.0  conftest.c >&5
configure:4540: $? = 0
configure:4540: result: yes
configure:4540: checking for strings.h
configure:4540: arm-himix200-linux-gcc -c -I/disk4/liangshen/practice/bluez_outdir/include/ -I/disk4/liangshen/practice/bluez_outdir/include/glib-2.0 -I/disk4/liangshen/practice/bluez_outdir/include/dbus-1.0  conftest.c >&5
configure:4540: $? = 0
configure:4540: result: yes
configure:4540: checking for inttypes.h
configure:4540: arm-himix200-linux-gcc -c -I/disk4/liangshen/practice/bluez_outdir/include/ -I/disk4/liangshen/practice/bluez_outdir/include/glib-2.0 -I/disk4/liangshen/practice/bluez_outdir/include/dbus-1.0  conftest.c >&5
configure:4540: $? = 0
configure:4540: result: yes
configure:4540: checking for stdint.h
configure:4540: arm-himix200-linux-gcc -c -I/disk4/liangshen/practice/bluez_outdir/include/ -I/disk4/liangshen/practice/bluez_outdir/include/glib-2.0 -I/disk4/liangshen/practice/bluez_outdir/include/dbus-1.0  conftest.c >&5
configure:4540: $? = 0
configure:4540: result: yes
configure:4540: checking for unistd.h
configure:4540: arm-himix200-linux-gcc -c -I/disk4/liangshen/practice/bluez_outdir/include/ -I/disk4/liangshen/practice/bluez_outdir/include/glib-2.0 -I/disk4/liangshen/practice/bluez_outdir/include/dbus-1.0  conftest.c >&5
configure:4540: $? = 0
configure:4540: result: yes
configure:4553: checking minix/config.h usability
configure:4553: arm-himix200-linux-gcc -c -I/disk4/liangshen/practice/bluez_outdir/include/ -I/disk4/liangshen/practice/bluez_outdir/include/glib-2.0 -I/disk4/liangshen/practice/bluez_outdir/include/dbus-1.0  conftest.c >&5
conftest.c:54:26: fatal error: minix/config.h: No such file or directory
 #include <minix/config.h>
                          ^
compilation terminated.
configure:4553: $? = 1
configure: failed program was:
| /* confdefs.h */
| #define PACKAGE_NAME "bluez"
| #define PACKAGE_TARNAME "bluez"
| #define PACKAGE_VERSION "5.44"
| #define PACKAGE_STRING "bluez 5.44"
| #define PACKAGE_BUGREPORT ""
| #define PACKAGE_URL ""
| #define PACKAGE "bluez"
| #define VERSION "5.44"
| #define STDC_HEADERS 1
| #define HAVE_SYS_TYPES_H 1
| #define HAVE_SYS_STAT_H 1
| #define HAVE_STDLIB_H 1
| #define HAVE_STRING_H 1
| #define HAVE_MEMORY_H 1
| #define HAVE_STRINGS_H 1
| #define HAVE_INTTYPES_H 1
| #define HAVE_STDINT_H 1
| #define HAVE_UNISTD_H 1
| /* end confdefs.h.  */
| #include <stdio.h>
| #ifdef HAVE_SYS_TYPES_H
| # include <sys/types.h>
| #endif
| #ifdef HAVE_SYS_STAT_H
| # include <sys/stat.h>
| #endif
| #ifdef STDC_HEADERS
| # include <stdlib.h>
| # include <stddef.h>
| #else
| # ifdef HAVE_STDLIB_H
| #  include <stdlib.h>
| # endif
| #endif
| #ifdef HAVE_STRING_H
| # if !defined STDC_HEADERS && defined HAVE_MEMORY_H
| #  include <memory.h>
| # endif
| # include <string.h>
| #endif
| #ifdef HAVE_STRINGS_H
| # include <strings.h>
| #endif
| #ifdef HAVE_INTTYPES_H
| # include <inttypes.h>
| #endif
| #ifdef HAVE_STDINT_H
| # include <stdint.h>
| #endif
| #ifdef HAVE_UNISTD_H
| # include <unistd.h>
| #endif
| #include <minix/config.h>
configure:4553: result: no
configure:4553: checking minix/config.h presence
configure:4553: arm-himix200-linux-gcc -E  conftest.c
conftest.c:21:26: fatal error: minix/config.h: No such file or directory
 #include <minix/config.h>
                          ^
compilation terminated.
configure:4553: $? = 1
configure: failed program was:
| /* confdefs.h */
| #define PACKAGE_NAME "bluez"
| #define PACKAGE_TARNAME "bluez"
| #define PACKAGE_VERSION "5.44"
| #define PACKAGE_STRING "bluez 5.44"
| #define PACKAGE_BUGREPORT ""
| #define PACKAGE_URL ""
| #define PACKAGE "bluez"
| #define VERSION "5.44"
| #define STDC_HEADERS 1
| #define HAVE_SYS_TYPES_H 1
| #define HAVE_SYS_STAT_H 1
| #define HAVE_STDLIB_H 1
| #define HAVE_STRING_H 1
| #define HAVE_MEMORY_H 1
| #define HAVE_STRINGS_H 1
| #define HAVE_INTTYPES_H 1
| #define HAVE_STDINT_H 1
| #define HAVE_UNISTD_H 1
| /* end confdefs.h.  */
| #include <minix/config.h>
configure:4553: result: no
configure:4553: checking for minix/config.h
configure:4553: result: no
configure:4574: checking whether it is safe to define __EXTENSIONS__
configure:4592: arm-himix200-linux-gcc -c -I/disk4/liangshen/practice/bluez_outdir/include/ -I/disk4/liangshen/practice/bluez_outdir/include/glib-2.0 -I/disk4/liangshen/practice/bluez_outdir/include/dbus-1.0  conftest.c >&5
configure:4592: $? = 0
configure:4599: result: yes
configure:4625: checking whether make supports nested variables
configure:4642: result: yes
configure:4655: checking whether to enable maintainer-specific portions of Makefiles
configure:4664: result: no
configure:4691: checking for arm-linux-pkg-config
configure:4724: result: no
configure:4734: checking for pkg-config
configure:4752: found /usr/bin/pkg-config
configure:4764: result: /usr/bin/pkg-config
configure:4776: WARNING: using cross tools not prefixed with host triplet
configure:4789: checking pkg-config is at least version 0.9.0
configure:4792: result: yes
configure:4828: checking for C/C++ restrict keyword
configure:4853: arm-himix200-linux-gcc -c -I/disk4/liangshen/practice/bluez_outdir/include/ -I/disk4/liangshen/practice/bluez_outdir/include/glib-2.0 -I/disk4/liangshen/practice/bluez_outdir/include/dbus-1.0  conftest.c >&5
configure:4853: $? = 0
configure:4861: result: __restrict
configure:4883: checking for arm-linux-gcc
configure:4910: result: arm-himix200-linux-gcc
configure:5179: checking for C compiler version
configure:5188: arm-himix200-linux-gcc --version >&5
arm-himix200-linux-gcc (HC&C V100R002C00B021_20180917) 6.3.0
Copyright (C) 2016 Free Software Foundation, Inc.
This is free software; see the source for copying conditions.  There is NO
warranty; not even for MERCHANTABILITY or FITNESS FOR A PARTICULAR PURPOSE.

configure:5199: $? = 0
configure:5188: arm-himix200-linux-gcc -v >&5
Using built-in specs.
COLLECT_GCC=arm-himix200-linux-gcc
COLLECT_LTO_WRAPPER=/opt/hisi-linux/x86-arm/arm-himix200-linux/host_bin/../libexec/gcc/arm-linux-gnueabi/6.3.0/lto-wrapper
Target: arm-linux-gnueabi
Configured with: /usr1/code/CODE_CCTD_V1R2C00/code/current/SDK_CPU_UNIFIED/build/script/arm-himix200-linux/arm_himix200_build_dir/src/gcc-6.3.0/configure --host=i586-suse-linux --build=i586-suse-linux --target=arm-linux-gnueabi --prefix=/usr1/code/CODE_CCTD_V1R2C00/code/current/SDK_CPU_UNIFIED/build/script/arm-himix200-linux/arm_himix200_build_dir/install --enable-threads --disable-libmudflap --disable-libssp --disable-libstdcxx-pch --with-gnu-as --with-gnu-ld --enable-languages=c,c++ --enable-shared --enable-lto --enable-symvers=gnu --enable-__cxa_atexit --enable-nls --enable-clocale=gnu --enable-extra-hisi-multilibs --with-sysroot=/usr1/code/CODE_CCTD_V1R2C00/code/current/SDK_CPU_UNIFIED/build/script/arm-himix200-linux/arm_himix200_build_dir/install/target --with-build-sysroot=/usr1/code/CODE_CCTD_V1R2C00/code/current/SDK_CPU_UNIFIED/build/script/arm-himix200-linux/arm_himix200_build_dir/install/target --with-gmp=/usr1/code/CODE_CCTD_V1R2C00/code/current/SDK_CPU_UNIFIED/build/script/arm-himix200-linux/arm_himix200_build_dir/obj/host-libs/usr --with-mpfr=/usr1/code/CODE_CCTD_V1R2C00/code/current/SDK_CPU_UNIFIED/build/script/arm-himix200-linux/arm_himix200_build_dir/obj/host-libs/usr --with-mpc=/usr1/code/CODE_CCTD_V1R2C00/code/current/SDK_CPU_UNIFIED/build/script/arm-himix200-linux/arm_himix200_build_dir/obj/host-libs/usr --enable-libgomp --disable-libitm --enable-poison-system-directories --with-pkgversion='HC&C V100R002C00B021_20180917'
Thread model: posix
gcc version 6.3.0 (HC&C V100R002C00B021_20180917) 
configure:5199: $? = 0
configure:5188: arm-himix200-linux-gcc -V >&5
arm-himix200-linux-gcc: error: unrecognized command line option '-V'
arm-himix200-linux-gcc: fatal error: no input files
compilation terminated.
configure:5199: $? = 1
configure:5188: arm-himix200-linux-gcc -qversion >&5
arm-himix200-linux-gcc: error: unrecognized command line option '-qversion'; did you mean '--version'?
arm-himix200-linux-gcc: fatal error: no input files
compilation terminated.
configure:5199: $? = 1
configure:5203: checking whether we are using the GNU C compiler
configure:5231: result: yes
configure:5240: checking whether arm-himix200-linux-gcc accepts -g
configure:5301: result: yes
configure:5318: checking for arm-himix200-linux-gcc option to accept ISO C89
configure:5394: result: none needed
configure:5419: checking whether arm-himix200-linux-gcc understands -c and -o together
configure:5456: result: yes
configure:5475: checking dependency style of arm-himix200-linux-gcc
configure:5586: result: gcc3
configure:5603: checking whether arm-himix200-linux-gcc accepts -fPIE
configure:5618: result: yes
configure:5687: checking build system type
configure:5701: result: x86_64-unknown-linux-gnu
configure:5721: checking host system type
configure:5734: result: arm-unknown-linux-gnu
configure:5775: checking how to print strings
configure:5802: result: printf
configure:5823: checking for a sed that does not truncate output
configure:5887: result: /bin/sed
configure:5905: checking for fgrep
configure:5967: result: /bin/grep -F
configure:6002: checking for ld used by arm-himix200-linux-gcc
configure:6069: result: /opt/hisi-linux/x86-arm/arm-himix200-linux/arm-linux-gnueabi/bin/ld
configure:6076: checking if the linker (/opt/hisi-linux/x86-arm/arm-himix200-linux/arm-linux-gnueabi/bin/ld) is GNU ld
configure:6091: result: yes
configure:6103: checking for BSD- or MS-compatible name lister (nm)
configure:6152: result: no
configure:6166: checking for arm-linux-dumpbin
configure:6196: result: no
configure:6166: checking for arm-linux-link
configure:6196: result: no
configure:6210: checking for dumpbin
configure:6240: result: no
configure:6210: checking for link
configure:6226: found /usr/bin/link
configure:6237: result: link -dump
configure:6282: checking the name lister (nm) interface
configure:6289: arm-himix200-linux-gcc -c -I/disk4/liangshen/practice/bluez_outdir/include/ -I/disk4/liangshen/practice/bluez_outdir/include/glib-2.0 -I/disk4/liangshen/practice/bluez_outdir/include/dbus-1.0  conftest.c >&5
configure:6292: nm "conftest.o"
configure:6295: output
00000000 b $d
00000000 B some_variable
configure:6302: result: BSD nm
configure:6305: checking whether ln -s works
configure:6309: result: yes
configure:6317: checking the maximum length of command line arguments
configure:6448: result: 1572864
configure:6465: checking whether the shell understands some XSI constructs
configure:6475: result: yes
configure:6479: checking whether the shell understands "+="
configure:6485: result: yes
configure:6520: checking how to convert x86_64-unknown-linux-gnu file names to arm-unknown-linux-gnu format
configure:6560: result: func_convert_file_noop
configure:6567: checking how to convert x86_64-unknown-linux-gnu file names to toolchain format
configure:6587: result: func_convert_file_noop
configure:6594: checking for /opt/hisi-linux/x86-arm/arm-himix200-linux/arm-linux-gnueabi/bin/ld option to reload object files
configure:6601: result: -r
configure:6635: checking for arm-linux-objdump
configure:6665: result: no
configure:6675: checking for objdump
configure:6691: found /usr/bin/objdump
configure:6702: result: objdump
configure:6734: checking how to recognize dependent libraries
configure:6932: result: pass_all
configure:6977: checking for arm-linux-dlltool
configure:7007: result: no
configure:7017: checking for dlltool
configure:7047: result: no
configure:7077: checking how to associate runtime and link libraries
configure:7104: result: printf %s\n
configure:7120: checking for arm-linux-ar
configure:7150: result: no
configure:7164: checking for ar
configure:7180: found /usr/bin/ar
configure:7191: result: ar
configure:7228: checking for archiver @FILE support
configure:7245: arm-himix200-linux-gcc -c -I/disk4/liangshen/practice/bluez_outdir/include/ -I/disk4/liangshen/practice/bluez_outdir/include/glib-2.0 -I/disk4/liangshen/practice/bluez_outdir/include/dbus-1.0  conftest.c >&5
configure:7245: $? = 0
configure:7248: ar cru libconftest.a @conftest.lst >&5
ar: `u' modifier ignored since `D' is the default (see `U')
configure:7251: $? = 0
configure:7256: ar cru libconftest.a @conftest.lst >&5
ar: `u' modifier ignored since `D' is the default (see `U')
ar: conftest.o: No such file or directory
configure:7259: $? = 1
configure:7271: result: @
configure:7289: checking for arm-linux-strip
configure:7316: result: strip
configure:7388: checking for arm-linux-ranlib
configure:7418: result: no
configure:7428: checking for ranlib
configure:7444: found /usr/bin/ranlib
configure:7455: result: ranlib
configure:7557: checking command to parse nm output from arm-himix200-linux-gcc object
configure:7677: arm-himix200-linux-gcc -c -I/disk4/liangshen/practice/bluez_outdir/include/ -I/disk4/liangshen/practice/bluez_outdir/include/glib-2.0 -I/disk4/liangshen/practice/bluez_outdir/include/dbus-1.0  conftest.c >&5
configure:7680: $? = 0
configure:7684: nm conftest.o \| sed -n -e 's/^.*[ ]\([ABCDGIRSTW][ABCDGIRSTW]*\)[ ][ ]*\([_A-Za-z][_A-Za-z0-9]*\)$/\1 \2 \2/p' | sed '/ __gnu_lto/d' \> conftest.nm
configure:7687: $? = 0
configure:7753: arm-himix200-linux-gcc -o conftest -I/disk4/liangshen/practice/bluez_outdir/include/ -I/disk4/liangshen/practice/bluez_outdir/include/glib-2.0 -I/disk4/liangshen/practice/bluez_outdir/include/dbus-1.0  -lncurses  -lreadline -ldbus-1 -lglib-2.0 -lical -L//disk4/liangshen/practice/bluez_outdir/lib -L/disk4/liangshen/practice/bluez_outdir/lib conftest.c conftstm.o >&5
configure:7756: $? = 0
configure:7794: result: ok
configure:7831: checking for sysroot
configure:7861: result: no
configure:8090: checking for arm-linux-mt
configure:8120: result: no
configure:8130: checking for mt
configure:8146: found /bin/mt
configure:8157: result: mt
configure:8180: checking if mt is a manifest tool
configure:8186: mt '-?'
configure:8194: result: no
configure:8833: checking for dlfcn.h
configure:8833: arm-himix200-linux-gcc -c -I/disk4/liangshen/practice/bluez_outdir/include/ -I/disk4/liangshen/practice/bluez_outdir/include/glib-2.0 -I/disk4/liangshen/practice/bluez_outdir/include/dbus-1.0  conftest.c >&5
configure:8833: $? = 0
configure:8833: result: yes
configure:9009: checking for objdir
configure:9024: result: .libs
configure:9291: checking if arm-himix200-linux-gcc supports -fno-rtti -fno-exceptions
configure:9309: arm-himix200-linux-gcc -c -I/disk4/liangshen/practice/bluez_outdir/include/ -I/disk4/liangshen/practice/bluez_outdir/include/glib-2.0 -I/disk4/liangshen/practice/bluez_outdir/include/dbus-1.0  -fno-rtti -fno-exceptions conftest.c >&5
cc1: warning: command line option '-fno-rtti' is valid for C++/ObjC++ but not for C
configure:9313: $? = 0
configure:9326: result: no
configure:9653: checking for arm-himix200-linux-gcc option to produce PIC
configure:9660: result: -fPIC -DPIC
configure:9668: checking if arm-himix200-linux-gcc PIC flag -fPIC -DPIC works
configure:9686: arm-himix200-linux-gcc -c -I/disk4/liangshen/practice/bluez_outdir/include/ -I/disk4/liangshen/practice/bluez_outdir/include/glib-2.0 -I/disk4/liangshen/practice/bluez_outdir/include/dbus-1.0  -fPIC -DPIC -DPIC conftest.c >&5
configure:9690: $? = 0
configure:9703: result: yes
configure:9732: checking if arm-himix200-linux-gcc static flag -static works
configure:9760: result: no
configure:9775: checking if arm-himix200-linux-gcc supports -c -o file.o
configure:9796: arm-himix200-linux-gcc -c -I/disk4/liangshen/practice/bluez_outdir/include/ -I/disk4/liangshen/practice/bluez_outdir/include/glib-2.0 -I/disk4/liangshen/practice/bluez_outdir/include/dbus-1.0  -o out/conftest2.o conftest.c >&5
configure:9800: $? = 0
configure:9822: result: yes
configure:9830: checking if arm-himix200-linux-gcc supports -c -o file.o
configure:9877: result: yes
configure:9910: checking whether the arm-himix200-linux-gcc linker (/opt/hisi-linux/x86-arm/arm-himix200-linux/arm-linux-gnueabi/bin/ld) supports shared libraries
configure:11067: result: yes
configure:11104: checking whether -lc should be explicitly linked in
configure:11112: arm-himix200-linux-gcc -c -I/disk4/liangshen/practice/bluez_outdir/include/ -I/disk4/liangshen/practice/bluez_outdir/include/glib-2.0 -I/disk4/liangshen/practice/bluez_outdir/include/dbus-1.0  conftest.c >&5
configure:11115: $? = 0
configure:11130: arm-himix200-linux-gcc -shared  -fPIC -DPIC conftest.o  -v -Wl,-soname -Wl,conftest -o conftest 2\>\&1 \| /bin/grep  -lc  \>/dev/null 2\>\&1
configure:11133: $? = 0
configure:11147: result: no
configure:11307: checking dynamic linker characteristics
configure:11807: arm-himix200-linux-gcc -o conftest -I/disk4/liangshen/practice/bluez_outdir/include/ -I/disk4/liangshen/practice/bluez_outdir/include/glib-2.0 -I/disk4/liangshen/practice/bluez_outdir/include/dbus-1.0  -lncurses  -lreadline -ldbus-1 -lglib-2.0 -lical -L//disk4/liangshen/practice/bluez_outdir/lib -L/disk4/liangshen/practice/bluez_outdir/lib -Wl,-rpath -Wl,/foo conftest.c  >&5
configure:11807: $? = 0
configure:12041: result: GNU/Linux ld.so
configure:12148: checking how to hardcode library paths into programs
configure:12173: result: immediate
configure:12713: checking whether stripping libraries is possible
configure:12718: result: yes
configure:12753: checking if libtool supports shared libraries
configure:12755: result: yes
configure:12758: checking whether to build shared libraries
configure:12779: result: yes
configure:12782: checking whether to build static libraries
configure:12786: result: no
configure:13024: checking for signalfd
configure:13024: arm-himix200-linux-gcc -o conftest -I/disk4/liangshen/practice/bluez_outdir/include/ -I/disk4/liangshen/practice/bluez_outdir/include/glib-2.0 -I/disk4/liangshen/practice/bluez_outdir/include/dbus-1.0  -lncurses  -lreadline -ldbus-1 -lglib-2.0 -lical -L//disk4/liangshen/practice/bluez_outdir/lib -L/disk4/liangshen/practice/bluez_outdir/lib conftest.c  >&5
configure:13024: $? = 0
configure:13024: result: yes
configure:13032: checking for clock_gettime in -lrt
configure:13057: arm-himix200-linux-gcc -o conftest -I/disk4/liangshen/practice/bluez_outdir/include/ -I/disk4/liangshen/practice/bluez_outdir/include/glib-2.0 -I/disk4/liangshen/practice/bluez_outdir/include/dbus-1.0  -lncurses  -lreadline -ldbus-1 -lglib-2.0 -lical -L//disk4/liangshen/practice/bluez_outdir/lib -L/disk4/liangshen/practice/bluez_outdir/lib conftest.c -lrt   >&5
configure:13057: $? = 0
configure:13066: result: yes
configure:13075: checking for pthread_create in -lpthread
configure:13100: arm-himix200-linux-gcc -o conftest -I/disk4/liangshen/practice/bluez_outdir/include/ -I/disk4/liangshen/practice/bluez_outdir/include/glib-2.0 -I/disk4/liangshen/practice/bluez_outdir/include/dbus-1.0  -lncurses  -lreadline -ldbus-1 -lglib-2.0 -lical -L//disk4/liangshen/practice/bluez_outdir/lib -L/disk4/liangshen/practice/bluez_outdir/lib conftest.c -lpthread   >&5
configure:13100: $? = 0
configure:13109: result: yes
configure:13118: checking for dlopen in -ldl
configure:13143: arm-himix200-linux-gcc -o conftest -I/disk4/liangshen/practice/bluez_outdir/include/ -I/disk4/liangshen/practice/bluez_outdir/include/glib-2.0 -I/disk4/liangshen/practice/bluez_outdir/include/dbus-1.0  -lncurses  -lreadline -ldbus-1 -lglib-2.0 -lical -L//disk4/liangshen/practice/bluez_outdir/lib -L/disk4/liangshen/practice/bluez_outdir/lib conftest.c -ldl   >&5
configure:13143: $? = 0
configure:13152: result: yes
configure:13164: checking linux/types.h usability
configure:13164: arm-himix200-linux-gcc -c -I/disk4/liangshen/practice/bluez_outdir/include/ -I/disk4/liangshen/practice/bluez_outdir/include/glib-2.0 -I/disk4/liangshen/practice/bluez_outdir/include/dbus-1.0  conftest.c >&5
configure:13164: $? = 0
configure:13164: result: yes
configure:13164: checking linux/types.h presence
configure:13164: arm-himix200-linux-gcc -E  conftest.c
configure:13164: $? = 0
configure:13164: result: yes
configure:13164: checking for linux/types.h
configure:13164: result: yes
configure:13164: checking linux/if_alg.h usability
configure:13164: arm-himix200-linux-gcc -c -I/disk4/liangshen/practice/bluez_outdir/include/ -I/disk4/liangshen/practice/bluez_outdir/include/glib-2.0 -I/disk4/liangshen/practice/bluez_outdir/include/dbus-1.0  conftest.c >&5
configure:13164: $? = 0
configure:13164: result: yes
configure:13164: checking linux/if_alg.h presence
configure:13164: arm-himix200-linux-gcc -E  conftest.c
configure:13164: $? = 0
configure:13164: result: yes
configure:13164: checking for linux/if_alg.h
configure:13164: result: yes
configure:13177: checking for GLIB
configure:13242: result: yes
configure:13330: checking for DBUS
configure:13395: result: yes
configure:13428: checking D-Bus system bus services dir
configure:13434: result: /usr/share/dbus-1/system-services
configure:13447: checking D-Bus session bus services dir
configure:13453: result: /usr/share/dbus-1/services
configure:14021: checking readline/readline.h usability
configure:14021: arm-himix200-linux-gcc -c -I/disk4/liangshen/practice/bluez_outdir/include/ -I/disk4/liangshen/practice/bluez_outdir/include/glib-2.0 -I/disk4/liangshen/practice/bluez_outdir/include/dbus-1.0  conftest.c >&5
configure:14021: $? = 0
configure:14021: result: yes
configure:14021: checking readline/readline.h presence
configure:14021: arm-himix200-linux-gcc -E  conftest.c
configure:14021: $? = 0
configure:14021: result: yes
configure:14021: checking for readline/readline.h
configure:14021: result: yes
configure:14496: checking that generated files are newer than configure
configure:14502: result: done
configure:14653: creating ./config.status

## ---------------------- ##
## Running config.status. ##
## ---------------------- ##

This file was extended by bluez config.status 5.44, which was
generated by GNU Autoconf 2.69.  Invocation command line was

  CONFIG_FILES    = 
  CONFIG_HEADERS  = 
  CONFIG_LINKS    = 
  CONFIG_COMMANDS = 
  $ ./config.status 

on compi03-an

config.status:1192: creating Makefile
config.status:1192: creating src/bluetoothd.8
config.status:1192: creating lib/bluez.pc
config.status:1192: creating config.h
config.status:1373: config.h is unchanged
config.status:1421: executing depfiles commands
config.status:1421: executing libtool commands

## ---------------- ##
## Cache variables. ##
## ---------------- ##

ac_cv_build=x86_64-unknown-linux-gnu
ac_cv_c_compiler_gnu=yes
ac_cv_c_restrict=__restrict
ac_cv_env_ALSA_CFLAGS_set=
ac_cv_env_ALSA_CFLAGS_value=
ac_cv_env_ALSA_LIBS_set=
ac_cv_env_ALSA_LIBS_value=
ac_cv_env_CC_set=set
ac_cv_env_CC_value=arm-himix200-linux-gcc
ac_cv_env_CFLAGS_set=set
ac_cv_env_CFLAGS_value='-I/disk4/liangshen/practice/bluez_outdir/include/ -I/disk4/liangshen/practice/bluez_outdir/include/glib-2.0 -I/disk4/liangshen/practice/bluez_outdir/include/dbus-1.0'
ac_cv_env_CPPFLAGS_set=
ac_cv_env_CPPFLAGS_value=
ac_cv_env_CPP_set=
ac_cv_env_CPP_value=
ac_cv_env_DBUS_CFLAGS_set=set
ac_cv_env_DBUS_CFLAGS_value=-I/disk4/liangshen/practice/bluez_outdir/lib/dbus-1.0/include
ac_cv_env_DBUS_LIBS_set=set
ac_cv_env_DBUS_LIBS_value=-L/disk4/liangshen/practice/bluez_outdir/lib
ac_cv_env_GLIB_CFLAGS_set=set
ac_cv_env_GLIB_CFLAGS_value=-I/disk4/liangshen/practice/bluez_outdir/lib/glib-2.0/include
ac_cv_env_GLIB_LIBS_set=set
ac_cv_env_GLIB_LIBS_value=-L/disk4/liangshen/practice/bluez_outdir/lib
ac_cv_env_GTHREAD_CFLAGS_set=
ac_cv_env_GTHREAD_CFLAGS_value=
ac_cv_env_GTHREAD_LIBS_set=
ac_cv_env_GTHREAD_LIBS_value=
ac_cv_env_ICAL_CFLAGS_set=set
ac_cv_env_ICAL_CFLAGS_value=-I/disk4/liangshen/practice/bluez_outdir/include
ac_cv_env_ICAL_LIBS_set=set
ac_cv_env_ICAL_LIBS_value=-L/disk4/liangshen/practice/bluez_outdir/lib
ac_cv_env_LDFLAGS_set=set
ac_cv_env_LDFLAGS_value='-lncurses  -lreadline -ldbus-1 -lglib-2.0 -lical -L//disk4/liangshen/practice/bluez_outdir/lib -L/disk4/liangshen/practice/bluez_outdir/lib'
ac_cv_env_LIBS_set=
ac_cv_env_LIBS_value=
ac_cv_env_PKG_CONFIG_LIBDIR_set=
ac_cv_env_PKG_CONFIG_LIBDIR_value=
ac_cv_env_PKG_CONFIG_PATH_set=
ac_cv_env_PKG_CONFIG_PATH_value=
ac_cv_env_PKG_CONFIG_set=
ac_cv_env_PKG_CONFIG_value=
ac_cv_env_SBC_CFLAGS_set=
ac_cv_env_SBC_CFLAGS_value=
ac_cv_env_SBC_LIBS_set=
ac_cv_env_SBC_LIBS_value=
ac_cv_env_SPEEXDSP_CFLAGS_set=
ac_cv_env_SPEEXDSP_CFLAGS_value=
ac_cv_env_SPEEXDSP_LIBS_set=
ac_cv_env_SPEEXDSP_LIBS_value=
ac_cv_env_UDEV_CFLAGS_set=
ac_cv_env_UDEV_CFLAGS_value=
ac_cv_env_UDEV_LIBS_set=
ac_cv_env_UDEV_LIBS_value=
ac_cv_env_build_alias_set=
ac_cv_env_build_alias_value=
ac_cv_env_host_alias_set=set
ac_cv_env_host_alias_value=arm-linux
ac_cv_env_target_alias_set=
ac_cv_env_target_alias_value=
ac_cv_func_signalfd=yes
ac_cv_header_dlfcn_h=yes
ac_cv_header_inttypes_h=yes
ac_cv_header_linux_if_alg_h=yes
ac_cv_header_linux_types_h=yes
ac_cv_header_memory_h=yes
ac_cv_header_minix_config_h=no
ac_cv_header_readline_readline_h=yes
ac_cv_header_stdc=yes
ac_cv_header_stdint_h=yes
ac_cv_header_stdlib_h=yes
ac_cv_header_string_h=yes
ac_cv_header_strings_h=yes
ac_cv_header_sys_stat_h=yes
ac_cv_header_sys_types_h=yes
ac_cv_header_unistd_h=yes
ac_cv_host=arm-unknown-linux-gnu
ac_cv_lib_dl_dlopen=yes
ac_cv_lib_pthread_pthread_create=yes
ac_cv_lib_rt_clock_gettime=yes
ac_cv_objext=o
ac_cv_path_EGREP='/bin/grep -E'
ac_cv_path_FGREP='/bin/grep -F'
ac_cv_path_GREP=/bin/grep
ac_cv_path_SED=/bin/sed
ac_cv_path_ac_pt_PKG_CONFIG=/usr/bin/pkg-config
ac_cv_path_install='/usr/bin/install -c'
ac_cv_path_mkdir=/bin/mkdir
ac_cv_prog_AWK=gawk
ac_cv_prog_CC=arm-himix200-linux-gcc
ac_cv_prog_CPP='arm-himix200-linux-gcc -E'
ac_cv_prog_STRIP=strip
ac_cv_prog_ac_ct_AR=ar
ac_cv_prog_ac_ct_DUMPBIN='link -dump'
ac_cv_prog_ac_ct_MANIFEST_TOOL=mt
ac_cv_prog_ac_ct_OBJDUMP=objdump
ac_cv_prog_ac_ct_RANLIB=ranlib
ac_cv_prog_ac_ct_STRIP=strip
ac_cv_prog_cc_c89=
ac_cv_prog_cc_g=yes
ac_cv_prog_cc_pie=yes
ac_cv_prog_make_make_set=yes
ac_cv_safe_to_define___extensions__=yes
am_cv_CC_dependencies_compiler_type=gcc3
am_cv_make_support_nested_variables=yes
am_cv_prog_cc_c_o=yes
am_cv_prog_tar_pax=gnutar
lt_cv_ar_at_file=@
lt_cv_archive_cmds_need_lc=no
lt_cv_deplibs_check_method=pass_all
lt_cv_file_magic_cmd='$MAGIC_CMD'
lt_cv_file_magic_test_file=
lt_cv_ld_reload_flag=-r
lt_cv_nm_interface='BSD nm'
lt_cv_objdir=.libs
lt_cv_path_LD=/opt/hisi-linux/x86-arm/arm-himix200-linux/arm-linux-gnueabi/bin/ld
lt_cv_path_NM=no
lt_cv_path_mainfest_tool=no
lt_cv_prog_compiler_c_o=yes
lt_cv_prog_compiler_pic='-fPIC -DPIC'
lt_cv_prog_compiler_pic_works=yes
lt_cv_prog_compiler_rtti_exceptions=no
lt_cv_prog_compiler_static_works=no
lt_cv_prog_gnu_ld=yes
lt_cv_sharedlib_from_linklib_cmd='printf %s\n'
lt_cv_shlibpath_overrides_runpath=no
lt_cv_sys_global_symbol_pipe='sed -n -e '\''s/^.*[	 ]\([ABCDGIRSTW][ABCDGIRSTW]*\)[	 ][	 ]*\([_A-Za-z][_A-Za-z0-9]*\)$/\1 \2 \2/p'\'' | sed '\''/ __gnu_lto/d'\'''
lt_cv_sys_global_symbol_to_c_name_address='sed -n -e '\''s/^: \([^ ]*\)[ ]*$/  {\"\1\", (void *) 0},/p'\'' -e '\''s/^[ABCDGIRSTW]* \([^ ]*\) \([^ ]*\)$/  {"\2", (void *) \&\2},/p'\'''
lt_cv_sys_global_symbol_to_c_name_address_lib_prefix='sed -n -e '\''s/^: \([^ ]*\)[ ]*$/  {\"\1\", (void *) 0},/p'\'' -e '\''s/^[ABCDGIRSTW]* \([^ ]*\) \(lib[^ ]*\)$/  {"\2", (void *) \&\2},/p'\'' -e '\''s/^[ABCDGIRSTW]* \([^ ]*\) \([^ ]*\)$/  {"lib\2", (void *) \&\2},/p'\'''
lt_cv_sys_global_symbol_to_cdecl='sed -n -e '\''s/^T .* \(.*\)$/extern int \1();/p'\'' -e '\''s/^[ABCDGIRSTW]* .* \(.*\)$/extern char \1;/p'\'''
lt_cv_sys_max_cmd_len=1572864
lt_cv_to_host_file_cmd=func_convert_file_noop
lt_cv_to_tool_file_cmd=func_convert_file_noop
pkg_cv_DBUS_CFLAGS=-I/disk4/liangshen/practice/bluez_outdir/lib/dbus-1.0/include
pkg_cv_DBUS_LIBS=-L/disk4/liangshen/practice/bluez_outdir/lib
pkg_cv_GLIB_CFLAGS=-I/disk4/liangshen/practice/bluez_outdir/lib/glib-2.0/include
pkg_cv_GLIB_LIBS=-L/disk4/liangshen/practice/bluez_outdir/lib

## ----------------- ##
## Output variables. ##
## ----------------- ##

A2DP_FALSE='#'
A2DP_TRUE=''
ACLOCAL='${SHELL} /disk4/liangshen/practice/bluetooth_arm/code/bluez-5.44/missing aclocal-1.14'
ALSA_CFLAGS=''
ALSA_LIBS=''
AMDEPBACKSLASH='\'
AMDEP_FALSE='#'
AMDEP_TRUE=''
AMTAR='$${TAR-tar}'
AM_BACKSLASH='\'
AM_DEFAULT_V='$(AM_DEFAULT_VERBOSITY)'
AM_DEFAULT_VERBOSITY='0'
AM_V='$(V)'
ANDROID_FALSE=''
ANDROID_TRUE='#'
AR='ar'
AUTOCONF='${SHELL} /disk4/liangshen/practice/bluetooth_arm/code/bluez-5.44/missing autoconf'
AUTOHEADER='${SHELL} /disk4/liangshen/practice/bluetooth_arm/code/bluez-5.44/missing autoheader'
AUTOMAKE='${SHELL} /disk4/liangshen/practice/bluetooth_arm/code/bluez-5.44/missing automake-1.14'
AVRCP_FALSE='#'
AVRCP_TRUE=''
AWK='gawk'
BACKTRACE_CFLAGS=''
BACKTRACE_LIBS=''
CC='arm-himix200-linux-gcc'
CCDEPMODE='depmode=gcc3'
CFLAGS='-I/disk4/liangshen/practice/bluez_outdir/include/ -I/disk4/liangshen/practice/bluez_outdir/include/glib-2.0 -I/disk4/liangshen/practice/bluez_outdir/include/dbus-1.0'
CLIENT_FALSE='#'
CLIENT_TRUE=''
CONFIGDIR='/etc/bluetooth'
COVERAGE_FALSE=''
COVERAGE_TRUE='#'
CPP='arm-himix200-linux-gcc -E'
CPPFLAGS=''
CUPS_FALSE=''
CUPS_TRUE='#'
CYGPATH_W='echo'
DATAFILES_FALSE='#'
DATAFILES_TRUE=''
DBUS_CFLAGS='-I/disk4/liangshen/practice/bluez_outdir/lib/dbus-1.0/include'
DBUS_CONFDIR='/disk4/liangshen/practice/bluez_outdir/dbus-1/system.d'
DBUS_LIBS='-L/disk4/liangshen/practice/bluez_outdir/lib'
DBUS_RUN_SESSION_FALSE=''
DBUS_RUN_SESSION_TRUE='#'
DBUS_SESSIONBUSDIR='/usr/share/dbus-1/services'
DBUS_SYSTEMBUSDIR='/usr/share/dbus-1/system-services'
DEFS='-DHAVE_CONFIG_H'
DEPDIR='.deps'
DEPRECATED_FALSE='#'
DEPRECATED_TRUE=''
DLLTOOL='false'
DSYMUTIL=''
DUMPBIN=':'
ECHO_C=''
ECHO_N='-n'
ECHO_T=''
EGREP='/bin/grep -E'
EXEEXT=''
EXPERIMENTAL_FALSE='#'
EXPERIMENTAL_TRUE=''
FGREP='/bin/grep -F'
GLIB_CFLAGS='-I/disk4/liangshen/practice/bluez_outdir/lib/glib-2.0/include'
GLIB_LIBS='-L/disk4/liangshen/practice/bluez_outdir/lib'
GREP='/bin/grep'
GTHREAD_CFLAGS=''
GTHREAD_LIBS=''
HEALTH_FALSE=''
HEALTH_TRUE='#'
HID2HCI_FALSE=''
HID2HCI_TRUE='#'
HID_FALSE='#'
HID_TRUE=''
HOG_FALSE='#'
HOG_TRUE=''
ICAL_CFLAGS='-I/disk4/liangshen/practice/bluez_outdir/include'
ICAL_LIBS='-L/disk4/liangshen/practice/bluez_outdir/lib'
INSTALL_DATA='${INSTALL} -m 644'
INSTALL_PROGRAM='${INSTALL}'
INSTALL_SCRIPT='${INSTALL}'
INSTALL_STRIP_PROGRAM='$(install_sh) -c -s'
LD='/opt/hisi-linux/x86-arm/arm-himix200-linux/arm-linux-gnueabi/bin/ld'
LDFLAGS='-lncurses  -lreadline -ldbus-1 -lglib-2.0 -lical -L//disk4/liangshen/practice/bluez_outdir/lib -L/disk4/liangshen/practice/bluez_outdir/lib'
LIBOBJS=''
LIBRARY_FALSE='#'
LIBRARY_TRUE=''
LIBS=''
LIBTOOL='$(SHELL) $(top_builddir)/libtool'
LIPO=''
LN_S='ln -s'
LTLIBOBJS=''
MAINT='#'
MAINTAINER_MODE_FALSE=''
MAINTAINER_MODE_TRUE='#'
MAKEINFO='${SHELL} /disk4/liangshen/practice/bluetooth_arm/code/bluez-5.44/missing makeinfo'
MANIFEST_TOOL=':'
MANPAGES_FALSE=''
MANPAGES_TRUE='#'
MIDI_FALSE=''
MIDI_TRUE='#'
MISC_CFLAGS=''
MISC_LDFLAGS=''
MKDIR_P='/bin/mkdir -p'
MONITOR_FALSE='#'
MONITOR_TRUE=''
NETWORK_FALSE='#'
NETWORK_TRUE=''
NFC_FALSE=''
NFC_TRUE='#'
NM='nm'
NMEDIT=''
OBEX_FALSE=''
OBEX_TRUE='#'
OBJDUMP='objdump'
OBJEXT='o'
OTOOL64=''
OTOOL=''
PACKAGE='bluez'
PACKAGE_BUGREPORT=''
PACKAGE_NAME='bluez'
PACKAGE_STRING='bluez 5.44'
PACKAGE_TARNAME='bluez'
PACKAGE_URL=''
PACKAGE_VERSION='5.44'
PATH_SEPARATOR=':'
PKG_CONFIG='/usr/bin/pkg-config'
PKG_CONFIG_LIBDIR=''
PKG_CONFIG_PATH=''
RANLIB='ranlib'
READLINE_FALSE='#'
READLINE_TRUE=''
SAP_FALSE=''
SAP_TRUE='#'
SBC_CFLAGS=''
SBC_LIBS=''
SED='/bin/sed'
SET_MAKE=''
SHELL='/bin/sh'
SIXAXIS_FALSE=''
SIXAXIS_TRUE='#'
SPEEXDSP_CFLAGS=''
SPEEXDSP_LIBS=''
STRIP='strip'
SYSTEMD_FALSE=''
SYSTEMD_SYSTEMUNITDIR='/lib/systemd/system'
SYSTEMD_TRUE='#'
SYSTEMD_USERUNITDIR='/usr/lib/system'
TESTING_FALSE='#'
TESTING_TRUE=''
TEST_FALSE=''
TEST_TRUE='#'
TOOLS_FALSE='#'
TOOLS_TRUE=''
UDEV_CFLAGS=''
UDEV_DIR=''
UDEV_FALSE=''
UDEV_LIBS=''
UDEV_TRUE='#'
VALGRIND_FALSE=''
VALGRIND_TRUE='#'
VERSION='5.44'
WARNING_CFLAGS=''
ac_ct_AR='ar'
ac_ct_CC=''
ac_ct_DUMPBIN='link -dump'
am__EXEEXT_FALSE=''
am__EXEEXT_TRUE='#'
am__fastdepCC_FALSE='#'
am__fastdepCC_TRUE=''
am__include='include'
am__isrc=''
am__leading_dot='.'
am__nodep='_no'
am__quote=''
am__tar='tar --format=posix -chf - "$$tardir"'
am__untar='tar -xf -'
bindir='${exec_prefix}/bin'
build='x86_64-unknown-linux-gnu'
build_alias=''
build_cpu='x86_64'
build_os='linux-gnu'
build_vendor='unknown'
datadir='${datarootdir}'
datarootdir='${prefix}/share'
docdir='${datarootdir}/doc/${PACKAGE_TARNAME}'
dvidir='${docdir}'
enable_coverage=''
enable_dbus_run_session=''
enable_valgrind=''
exec_prefix='${prefix}'
host='arm-unknown-linux-gnu'
host_alias='arm-linux'
host_cpu='arm'
host_os='linux-gnu'
host_vendor='unknown'
htmldir='${docdir}'
includedir='${prefix}/include'
infodir='${datarootdir}/info'
install_sh='${SHELL} /disk4/liangshen/practice/bluetooth_arm/code/bluez-5.44/install-sh'
libdir='${exec_prefix}/lib'
libexecdir='${exec_prefix}/libexec'
localedir='${datarootdir}/locale'
localstatedir='/var'
mandir='${datarootdir}/man'
mkdir_p='$(MKDIR_P)'
oldincludedir='/usr/include'
pdfdir='${docdir}'
prefix='/disk4/liangshen/practice/bluez_outdir'
program_transform_name='s,x,x,'
psdir='${docdir}'
sbindir='${exec_prefix}/sbin'
sharedstatedir='${prefix}/com'
sysconfdir='/etc'
target_alias=''

## ----------- ##
## confdefs.h. ##
## ----------- ##

/* confdefs.h */
#define PACKAGE_NAME "bluez"
#define PACKAGE_TARNAME "bluez"
#define PACKAGE_VERSION "5.44"
#define PACKAGE_STRING "bluez 5.44"
#define PACKAGE_BUGREPORT ""
#define PACKAGE_URL ""
#define PACKAGE "bluez"
#define VERSION "5.44"
#define STDC_HEADERS 1
#define HAVE_SYS_TYPES_H 1
#define HAVE_SYS_STAT_H 1
#define HAVE_STDLIB_H 1
#define HAVE_STRING_H 1
#define HAVE_MEMORY_H 1
#define HAVE_STRINGS_H 1
#define HAVE_INTTYPES_H 1
#define HAVE_STDINT_H 1
#define HAVE_UNISTD_H 1
#define __EXTENSIONS__ 1
#define _ALL_SOURCE 1
#define _GNU_SOURCE 1
#define _POSIX_PTHREAD_SEMANTICS 1
#define _TANDEM_SOURCE 1
#define restrict __restrict
#define HAVE_DLFCN_H 1
#define LT_OBJDIR ".libs/"
#define HAVE_LINUX_TYPES_H 1
#define HAVE_LINUX_IF_ALG_H 1
#define HAVE_READLINE_READLINE_H 1
#define STORAGEDIR "/var/lib/bluetooth"
#define CONFIGDIR "/etc/bluetooth"
#define ANDROID_STORAGEDIR "/var/lib/bluetooth/android"

configure: exit 0
