This file contains any messages produced by compilers while
running configure, to aid debugging if configure makes a mistake.

It was created by expat configure 2.1.0, which was
generated by GNU Autoconf 2.68.  Invocation command line was

  $ ./configure --prefix=/disk4/liangshen/practice/bluez_outdir --host=arm-linux CC=arm-himix200-linux-gcc

## --------- ##
## Platform. ##
## --------- ##

hostname = compi03-an
uname -m = x86_64
uname -r = 4.4.0-116-generic
uname -s = Linux
uname -v = #140-Ubuntu SMP Mon Feb 12 21:23:04 UTC 2018

/usr/bin/uname -p = unknown
/bin/uname -X     = unknown

/bin/arch              = unknown
/usr/bin/arch -k       = unknown
/usr/convex/getsysinfo = unknown
/usr/bin/hostinfo      = unknown
/bin/machine           = unknown
/usr/bin/oslevel       = unknown
/bin/universe          = unknown

PATH: /disk4/liangshen/bin
PATH: /disk4/liangshen/.local/bin
PATH: /opt/node-v14.16.0-linux-x64/bin
PATH: /opt/mips-gcc540-glibc-64bit/bin
PATH: /opt/gcc-arm-8.3-2019.03-x86_64-arm-linux-gnueabihf/bin
PATH: /opt/hisi-linux/x86-arm/arm-himix100-linux/bin
PATH: /opt/hisi-linux/x86-arm/arm-hisiv510-linux/target/bin
PATH: /opt/hisi-linux/x86-arm/arm-himix200-linux/bin
PATH: /opt/hisi-linux/x86-arm/gcc-arm-none-eabi-4_9-2015q3/bin
PATH: /opt/hisi-linux/x86-arm/aarch64-himix100-linux/bin
PATH: /bin/repo
PATH: /usr/local/sbin
PATH: /usr/local/bin
PATH: /usr/sbin
PATH: /usr/bin
PATH: /sbin
PATH: /bin
PATH: /usr/games
PATH: /usr/local/games
PATH: /snap/bin
PATH: /usr/lib/jvm/java-8-oracle/bin
PATH: /usr/lib/jvm/java-8-oracle/db/bin
PATH: /usr/lib/jvm/java-8-oracle/jre/bin


## ----------- ##
## Core tests. ##
## ----------- ##

configure:2385: checking build system type
configure:2399: result: x86_64-unknown-linux-gnu
configure:2419: checking host system type
configure:2432: result: arm-unknown-linux-gnu
configure:2801: checking how to print strings
configure:2828: result: printf
configure:2857: checking for arm-linux-gcc
configure:2884: result: arm-himix200-linux-gcc
configure:3153: checking for C compiler version
configure:3162: arm-himix200-linux-gcc --version >&5
arm-himix200-linux-gcc (HC&C V100R002C00B021_20180917) 6.3.0
Copyright (C) 2016 Free Software Foundation, Inc.
This is free software; see the source for copying conditions.  There is NO
warranty; not even for MERCHANTABILITY or FITNESS FOR A PARTICULAR PURPOSE.

configure:3173: $? = 0
configure:3162: arm-himix200-linux-gcc -v >&5
Using built-in specs.
COLLECT_GCC=arm-himix200-linux-gcc
COLLECT_LTO_WRAPPER=/opt/hisi-linux/x86-arm/arm-himix200-linux/host_bin/../libexec/gcc/arm-linux-gnueabi/6.3.0/lto-wrapper
Target: arm-linux-gnueabi
Configured with: /usr1/code/CODE_CCTD_V1R2C00/code/current/SDK_CPU_UNIFIED/build/script/arm-himix200-linux/arm_himix200_build_dir/src/gcc-6.3.0/configure --host=i586-suse-linux --build=i586-suse-linux --target=arm-linux-gnueabi --prefix=/usr1/code/CODE_CCTD_V1R2C00/code/current/SDK_CPU_UNIFIED/build/script/arm-himix200-linux/arm_himix200_build_dir/install --enable-threads --disable-libmudflap --disable-libssp --disable-libstdcxx-pch --with-gnu-as --with-gnu-ld --enable-languages=c,c++ --enable-shared --enable-lto --enable-symvers=gnu --enable-__cxa_atexit --enable-nls --enable-clocale=gnu --enable-extra-hisi-multilibs --with-sysroot=/usr1/code/CODE_CCTD_V1R2C00/code/current/SDK_CPU_UNIFIED/build/script/arm-himix200-linux/arm_himix200_build_dir/install/target --with-build-sysroot=/usr1/code/CODE_CCTD_V1R2C00/code/current/SDK_CPU_UNIFIED/build/script/arm-himix200-linux/arm_himix200_build_dir/install/target --with-gmp=/usr1/code/CODE_CCTD_V1R2C00/code/current/SDK_CPU_UNIFIED/build/script/arm-himix200-linux/arm_himix200_build_dir/obj/host-libs/usr --with-mpfr=/usr1/code/CODE_CCTD_V1R2C00/code/current/SDK_CPU_UNIFIED/build/script/arm-himix200-linux/arm_himix200_build_dir/obj/host-libs/usr --with-mpc=/usr1/code/CODE_CCTD_V1R2C00/code/current/SDK_CPU_UNIFIED/build/script/arm-himix200-linux/arm_himix200_build_dir/obj/host-libs/usr --enable-libgomp --disable-libitm --enable-poison-system-directories --with-pkgversion='HC&C V100R002C00B021_20180917'
Thread model: posix
gcc version 6.3.0 (HC&C V100R002C00B021_20180917) 
configure:3173: $? = 0
configure:3162: arm-himix200-linux-gcc -V >&5
arm-himix200-linux-gcc: error: unrecognized command line option '-V'
arm-himix200-linux-gcc: fatal error: no input files
compilation terminated.
configure:3173: $? = 1
configure:3162: arm-himix200-linux-gcc -qversion >&5
arm-himix200-linux-gcc: error: unrecognized command line option '-qversion'; did you mean '--version'?
arm-himix200-linux-gcc: fatal error: no input files
compilation terminated.
configure:3173: $? = 1
configure:3193: checking whether the C compiler works
configure:3215: arm-himix200-linux-gcc    conftest.c  >&5
configure:3219: $? = 0
configure:3267: result: yes
configure:3270: checking for C compiler default output file name
configure:3272: result: a.out
configure:3278: checking for suffix of executables
configure:3285: arm-himix200-linux-gcc -o conftest    conftest.c  >&5
configure:3289: $? = 0
configure:3311: result: 
configure:3333: checking whether we are cross compiling
configure:3341: arm-himix200-linux-gcc -o conftest    conftest.c  >&5
configure:3345: $? = 0
configure:3352: ./conftest
./conftest: error while loading shared libraries: libc.so.6: cannot open shared object file: No such file or directory
configure:3356: $? = 127
configure:3371: result: yes
configure:3376: checking for suffix of object files
configure:3398: arm-himix200-linux-gcc -c   conftest.c >&5
configure:3402: $? = 0
configure:3423: result: o
configure:3427: checking whether we are using the GNU C compiler
configure:3446: arm-himix200-linux-gcc -c   conftest.c >&5
configure:3446: $? = 0
configure:3455: result: yes
configure:3464: checking whether arm-himix200-linux-gcc accepts -g
configure:3484: arm-himix200-linux-gcc -c -g  conftest.c >&5
configure:3484: $? = 0
configure:3525: result: yes
configure:3542: checking for arm-himix200-linux-gcc option to accept ISO C89
configure:3606: arm-himix200-linux-gcc  -c -g -O2  conftest.c >&5
configure:3606: $? = 0
configure:3619: result: none needed
configure:3639: checking for a sed that does not truncate output
configure:3703: result: /bin/sed
configure:3721: checking for grep that handles long lines and -e
configure:3779: result: /bin/grep
configure:3784: checking for egrep
configure:3846: result: /bin/grep -E
configure:3851: checking for fgrep
configure:3913: result: /bin/grep -F
configure:3948: checking for ld used by arm-himix200-linux-gcc
configure:4015: result: /opt/hisi-linux/x86-arm/arm-himix200-linux/arm-linux-gnueabi/bin/ld
configure:4022: checking if the linker (/opt/hisi-linux/x86-arm/arm-himix200-linux/arm-linux-gnueabi/bin/ld) is GNU ld
configure:4037: result: yes
configure:4049: checking for BSD- or MS-compatible name lister (nm)
configure:4098: result: no
configure:4112: checking for arm-linux-dumpbin
configure:4142: result: no
configure:4112: checking for arm-linux-link
configure:4142: result: no
configure:4156: checking for dumpbin
configure:4186: result: no
configure:4156: checking for link
configure:4172: found /usr/bin/link
configure:4183: result: link -dump
configure:4199: WARNING: using cross tools not prefixed with host triplet
configure:4228: checking the name lister (nm) interface
configure:4235: arm-himix200-linux-gcc -c -g -O2  conftest.c >&5
configure:4238: nm "conftest.o"
configure:4241: output
00000000 b $d
00000000 B some_variable
configure:4248: result: BSD nm
configure:4251: checking whether ln -s works
configure:4255: result: yes
configure:4263: checking the maximum length of command line arguments
configure:4388: result: 1572864
configure:4405: checking whether the shell understands some XSI constructs
configure:4415: result: yes
configure:4419: checking whether the shell understands "+="
configure:4425: result: yes
configure:4460: checking how to convert x86_64-unknown-linux-gnu file names to arm-unknown-linux-gnu format
configure:4500: result: func_convert_file_noop
configure:4507: checking how to convert x86_64-unknown-linux-gnu file names to toolchain format
configure:4527: result: func_convert_file_noop
configure:4534: checking for /opt/hisi-linux/x86-arm/arm-himix200-linux/arm-linux-gnueabi/bin/ld option to reload object files
configure:4541: result: -r
configure:4575: checking for arm-linux-objdump
configure:4602: result: objdump
configure:4671: checking how to recognize dependent libraries
configure:4873: result: pass_all
configure:4918: checking for arm-linux-dlltool
configure:4945: result: dlltool
configure:5015: checking how to associate runtime and link libraries
configure:5042: result: printf %s\n
configure:5059: checking for arm-linux-ar
configure:5089: result: no
configure:5103: checking for ar
configure:5119: found /usr/bin/ar
configure:5130: result: ar
configure:5167: checking for archiver @FILE support
configure:5184: arm-himix200-linux-gcc -c -g -O2  conftest.c >&5
configure:5184: $? = 0
configure:5187: ar cru libconftest.a @conftest.lst >&5
ar: `u' modifier ignored since `D' is the default (see `U')
configure:5190: $? = 0
configure:5195: ar cru libconftest.a @conftest.lst >&5
ar: `u' modifier ignored since `D' is the default (see `U')
ar: conftest.o: No such file or directory
configure:5198: $? = 1
configure:5210: result: @
configure:5228: checking for arm-linux-strip
configure:5258: result: no
configure:5268: checking for strip
configure:5284: found /usr/bin/strip
configure:5295: result: strip
configure:5327: checking for arm-linux-ranlib
configure:5357: result: no
configure:5367: checking for ranlib
configure:5383: found /usr/bin/ranlib
configure:5394: result: ranlib
configure:5471: checking for gawk
configure:5487: found /usr/bin/gawk
configure:5498: result: gawk
configure:5538: checking command to parse nm output from arm-himix200-linux-gcc object
configure:5657: arm-himix200-linux-gcc -c -g -O2  conftest.c >&5
configure:5660: $? = 0
configure:5664: nm conftest.o \| sed -n -e 's/^.*[ ]\([ABCDGIRSTW][ABCDGIRSTW]*\)[ ][ ]*\([_A-Za-z][_A-Za-z0-9]*\)$/\1 \2 \2/p' | sed '/ __gnu_lto/d' \> conftest.nm
configure:5667: $? = 0
configure:5733: arm-himix200-linux-gcc -o conftest -g -O2   conftest.c conftstm.o >&5
configure:5736: $? = 0
configure:5774: result: ok
configure:5811: checking for sysroot
configure:5841: result: no
configure:6044: checking for arm-linux-mt
configure:6074: result: no
configure:6084: checking for mt
configure:6100: found /bin/mt
configure:6111: result: mt
configure:6134: checking if mt is a manifest tool
configure:6140: mt '-?'
configure:6148: result: no
configure:6780: checking how to run the C preprocessor
configure:6811: arm-himix200-linux-gcc -E  conftest.c
configure:6811: $? = 0
configure:6825: arm-himix200-linux-gcc -E  conftest.c
conftest.c:9:28: fatal error: ac_nonexistent.h: No such file or directory
 #include <ac_nonexistent.h>
                            ^
compilation terminated.
configure:6825: $? = 1
configure: failed program was:
| /* confdefs.h */
| #define PACKAGE_NAME "expat"
| #define PACKAGE_TARNAME "expat"
| #define PACKAGE_VERSION "2.1.0"
| #define PACKAGE_STRING "expat 2.1.0"
| #define PACKAGE_BUGREPORT "expat-bugs@libexpat.org"
| #define PACKAGE_URL ""
| /* end confdefs.h.  */
| #include <ac_nonexistent.h>
configure:6850: result: arm-himix200-linux-gcc -E
configure:6870: arm-himix200-linux-gcc -E  conftest.c
configure:6870: $? = 0
configure:6884: arm-himix200-linux-gcc -E  conftest.c
conftest.c:9:28: fatal error: ac_nonexistent.h: No such file or directory
 #include <ac_nonexistent.h>
                            ^
compilation terminated.
configure:6884: $? = 1
configure: failed program was:
| /* confdefs.h */
| #define PACKAGE_NAME "expat"
| #define PACKAGE_TARNAME "expat"
| #define PACKAGE_VERSION "2.1.0"
| #define PACKAGE_STRING "expat 2.1.0"
| #define PACKAGE_BUGREPORT "expat-bugs@libexpat.org"
| #define PACKAGE_URL ""
| /* end confdefs.h.  */
| #include <ac_nonexistent.h>
configure:6913: checking for ANSI C header files
configure:6933: arm-himix200-linux-gcc -c -g -O2  conftest.c >&5
configure:6933: $? = 0
configure:7017: result: yes
configure:7030: checking for sys/types.h
configure:7030: arm-himix200-linux-gcc -c -g -O2  conftest.c >&5
configure:7030: $? = 0
configure:7030: result: yes
configure:7030: checking for sys/stat.h
configure:7030: arm-himix200-linux-gcc -c -g -O2  conftest.c >&5
configure:7030: $? = 0
configure:7030: result: yes
configure:7030: checking for stdlib.h
configure:7030: arm-himix200-linux-gcc -c -g -O2  conftest.c >&5
configure:7030: $? = 0
configure:7030: result: yes
configure:7030: checking for string.h
configure:7030: arm-himix200-linux-gcc -c -g -O2  conftest.c >&5
configure:7030: $? = 0
configure:7030: result: yes
configure:7030: checking for memory.h
configure:7030: arm-himix200-linux-gcc -c -g -O2  conftest.c >&5
configure:7030: $? = 0
configure:7030: result: yes
configure:7030: checking for strings.h
configure:7030: arm-himix200-linux-gcc -c -g -O2  conftest.c >&5
configure:7030: $? = 0
configure:7030: result: yes
configure:7030: checking for inttypes.h
configure:7030: arm-himix200-linux-gcc -c -g -O2  conftest.c >&5
configure:7030: $? = 0
configure:7030: result: yes
configure:7030: checking for stdint.h
configure:7030: arm-himix200-linux-gcc -c -g -O2  conftest.c >&5
configure:7030: $? = 0
configure:7030: result: yes
configure:7030: checking for unistd.h
configure:7030: arm-himix200-linux-gcc -c -g -O2  conftest.c >&5
configure:7030: $? = 0
configure:7030: result: yes
configure:7044: checking for dlfcn.h
configure:7044: arm-himix200-linux-gcc -c -g -O2  conftest.c >&5
configure:7044: $? = 0
configure:7044: result: yes
configure:7229: checking for objdir
configure:7244: result: .libs
configure:7511: checking if arm-himix200-linux-gcc supports -fno-rtti -fno-exceptions
configure:7529: arm-himix200-linux-gcc -c -g -O2  -fno-rtti -fno-exceptions conftest.c >&5
cc1: warning: command line option '-fno-rtti' is valid for C++/ObjC++ but not for C
configure:7533: $? = 0
configure:7546: result: no
configure:7856: checking for arm-himix200-linux-gcc option to produce PIC
configure:7863: result: -fPIC -DPIC
configure:7871: checking if arm-himix200-linux-gcc PIC flag -fPIC -DPIC works
configure:7889: arm-himix200-linux-gcc -c -g -O2  -fPIC -DPIC -DPIC conftest.c >&5
configure:7893: $? = 0
configure:7906: result: yes
configure:7935: checking if arm-himix200-linux-gcc static flag -static works
configure:7963: result: yes
configure:7978: checking if arm-himix200-linux-gcc supports -c -o file.o
configure:7999: arm-himix200-linux-gcc -c -g -O2  -o out/conftest2.o conftest.c >&5
configure:8003: $? = 0
configure:8025: result: yes
configure:8033: checking if arm-himix200-linux-gcc supports -c -o file.o
configure:8080: result: yes
configure:8113: checking whether the arm-himix200-linux-gcc linker (/opt/hisi-linux/x86-arm/arm-himix200-linux/arm-linux-gnueabi/bin/ld) supports shared libraries
configure:9275: result: yes
configure:9312: checking whether -lc should be explicitly linked in
configure:9320: arm-himix200-linux-gcc -c -g -O2  conftest.c >&5
configure:9323: $? = 0
configure:9338: arm-himix200-linux-gcc -shared  -fPIC -DPIC conftest.o  -v -Wl,-soname -Wl,conftest -o conftest 2\>\&1 \| /bin/grep  -lc  \>/dev/null 2\>\&1
configure:9341: $? = 0
configure:9355: result: no
configure:9520: checking dynamic linker characteristics
configure:10035: arm-himix200-linux-gcc -o conftest -g -O2   -Wl,-rpath -Wl,/foo conftest.c  >&5
configure:10035: $? = 0
configure:10269: result: GNU/Linux ld.so
configure:10376: checking how to hardcode library paths into programs
configure:10401: result: immediate
configure:10941: checking whether stripping libraries is possible
configure:10946: result: yes
configure:10981: checking if libtool supports shared libraries
configure:10983: result: yes
configure:10986: checking whether to build shared libraries
configure:11007: result: yes
configure:11010: checking whether to build static libraries
configure:11014: result: yes
configure:11062: checking for arm-linux-gcc
configure:11089: result: arm-himix200-linux-gcc
configure:11358: checking for C compiler version
configure:11367: arm-himix200-linux-gcc --version >&5
arm-himix200-linux-gcc (HC&C V100R002C00B021_20180917) 6.3.0
Copyright (C) 2016 Free Software Foundation, Inc.
This is free software; see the source for copying conditions.  There is NO
warranty; not even for MERCHANTABILITY or FITNESS FOR A PARTICULAR PURPOSE.

configure:11378: $? = 0
configure:11367: arm-himix200-linux-gcc -v >&5
Using built-in specs.
COLLECT_GCC=arm-himix200-linux-gcc
COLLECT_LTO_WRAPPER=/opt/hisi-linux/x86-arm/arm-himix200-linux/host_bin/../libexec/gcc/arm-linux-gnueabi/6.3.0/lto-wrapper
Target: arm-linux-gnueabi
Configured with: /usr1/code/CODE_CCTD_V1R2C00/code/current/SDK_CPU_UNIFIED/build/script/arm-himix200-linux/arm_himix200_build_dir/src/gcc-6.3.0/configure --host=i586-suse-linux --build=i586-suse-linux --target=arm-linux-gnueabi --prefix=/usr1/code/CODE_CCTD_V1R2C00/code/current/SDK_CPU_UNIFIED/build/script/arm-himix200-linux/arm_himix200_build_dir/install --enable-threads --disable-libmudflap --disable-libssp --disable-libstdcxx-pch --with-gnu-as --with-gnu-ld --enable-languages=c,c++ --enable-shared --enable-lto --enable-symvers=gnu --enable-__cxa_atexit --enable-nls --enable-clocale=gnu --enable-extra-hisi-multilibs --with-sysroot=/usr1/code/CODE_CCTD_V1R2C00/code/current/SDK_CPU_UNIFIED/build/script/arm-himix200-linux/arm_himix200_build_dir/install/target --with-build-sysroot=/usr1/code/CODE_CCTD_V1R2C00/code/current/SDK_CPU_UNIFIED/build/script/arm-himix200-linux/arm_himix200_build_dir/install/target --with-gmp=/usr1/code/CODE_CCTD_V1R2C00/code/current/SDK_CPU_UNIFIED/build/script/arm-himix200-linux/arm_himix200_build_dir/obj/host-libs/usr --with-mpfr=/usr1/code/CODE_CCTD_V1R2C00/code/current/SDK_CPU_UNIFIED/build/script/arm-himix200-linux/arm_himix200_build_dir/obj/host-libs/usr --with-mpc=/usr1/code/CODE_CCTD_V1R2C00/code/current/SDK_CPU_UNIFIED/build/script/arm-himix200-linux/arm_himix200_build_dir/obj/host-libs/usr --enable-libgomp --disable-libitm --enable-poison-system-directories --with-pkgversion='HC&C V100R002C00B021_20180917'
Thread model: posix
gcc version 6.3.0 (HC&C V100R002C00B021_20180917) 
configure:11378: $? = 0
configure:11367: arm-himix200-linux-gcc -V >&5
arm-himix200-linux-gcc: error: unrecognized command line option '-V'
arm-himix200-linux-gcc: fatal error: no input files
compilation terminated.
configure:11378: $? = 1
configure:11367: arm-himix200-linux-gcc -qversion >&5
arm-himix200-linux-gcc: error: unrecognized command line option '-qversion'; did you mean '--version'?
arm-himix200-linux-gcc: fatal error: no input files
compilation terminated.
configure:11378: $? = 1
configure:11382: checking whether we are using the GNU C compiler
configure:11410: result: yes
configure:11419: checking whether arm-himix200-linux-gcc accepts -g
configure:11480: result: yes
configure:11497: checking for arm-himix200-linux-gcc option to accept ISO C89
configure:11574: result: none needed
configure:11608: checking for arm-linux-g++
configure:11638: result: no
configure:11608: checking for arm-linux-c++
configure:11638: result: no
configure:11608: checking for arm-linux-gpp
configure:11638: result: no
configure:11608: checking for arm-linux-aCC
configure:11638: result: no
configure:11608: checking for arm-linux-CC
configure:11638: result: no
configure:11608: checking for arm-linux-cxx
configure:11638: result: no
configure:11608: checking for arm-linux-cc++
configure:11638: result: no
configure:11608: checking for arm-linux-cl.exe
configure:11638: result: no
configure:11608: checking for arm-linux-FCC
configure:11638: result: no
configure:11608: checking for arm-linux-KCC
configure:11638: result: no
configure:11608: checking for arm-linux-RCC
configure:11638: result: no
configure:11608: checking for arm-linux-xlC_r
configure:11638: result: no
configure:11608: checking for arm-linux-xlC
configure:11638: result: no
configure:11652: checking for g++
configure:11668: found /usr/bin/g++
configure:11679: result: g++
configure:11706: checking for C++ compiler version
configure:11715: g++ --version >&5
g++ (Ubuntu 5.4.0-6ubuntu1~16.04.12) 5.4.0 20160609
Copyright (C) 2015 Free Software Foundation, Inc.
This is free software; see the source for copying conditions.  There is NO
warranty; not even for MERCHANTABILITY or FITNESS FOR A PARTICULAR PURPOSE.

configure:11726: $? = 0
configure:11715: g++ -v >&5
Using built-in specs.
COLLECT_GCC=g++
COLLECT_LTO_WRAPPER=/usr/lib/gcc/x86_64-linux-gnu/5/lto-wrapper
Target: x86_64-linux-gnu
Configured with: ../src/configure -v --with-pkgversion='Ubuntu 5.4.0-6ubuntu1~16.04.12' --with-bugurl=file:///usr/share/doc/gcc-5/README.Bugs --enable-languages=c,ada,c++,java,go,d,fortran,objc,obj-c++ --prefix=/usr --program-suffix=-5 --enable-shared --enable-linker-build-id --libexecdir=/usr/lib --without-included-gettext --enable-threads=posix --libdir=/usr/lib --enable-nls --with-sysroot=/ --enable-clocale=gnu --enable-libstdcxx-debug --enable-libstdcxx-time=yes --with-default-libstdcxx-abi=new --enable-gnu-unique-object --disable-vtable-verify --enable-libmpx --enable-plugin --with-system-zlib --disable-browser-plugin --enable-java-awt=gtk --enable-gtk-cairo --with-java-home=/usr/lib/jvm/java-1.5.0-gcj-5-amd64/jre --enable-java-home --with-jvm-root-dir=/usr/lib/jvm/java-1.5.0-gcj-5-amd64 --with-jvm-jar-dir=/usr/lib/jvm-exports/java-1.5.0-gcj-5-amd64 --with-arch-directory=amd64 --with-ecj-jar=/usr/share/java/eclipse-ecj.jar --enable-objc-gc --enable-multiarch --disable-werror --with-arch-32=i686 --with-abi=m64 --with-multilib-list=m32,m64,mx32 --enable-multilib --with-tune=generic --enable-checking=release --build=x86_64-linux-gnu --host=x86_64-linux-gnu --target=x86_64-linux-gnu
Thread model: posix
gcc version 5.4.0 20160609 (Ubuntu 5.4.0-6ubuntu1~16.04.12) 
configure:11726: $? = 0
configure:11715: g++ -V >&5
g++: error: unrecognized command line option '-V'
g++: fatal error: no input files
compilation terminated.
configure:11726: $? = 1
configure:11715: g++ -qversion >&5
g++: error: unrecognized command line option '-qversion'
g++: fatal error: no input files
compilation terminated.
configure:11726: $? = 1
configure:11730: checking whether we are using the GNU C++ compiler
configure:11749: g++ -c   conftest.cpp >&5
configure:11749: $? = 0
configure:11758: result: yes
configure:11767: checking whether g++ accepts -g
configure:11787: g++ -c -g  conftest.cpp >&5
configure:11787: $? = 0
configure:11828: result: yes
configure:11869: checking how to run the C++ preprocessor
configure:11896: g++ -E  conftest.cpp
configure:11896: $? = 0
configure:11910: g++ -E  conftest.cpp
conftest.cpp:21:28: fatal error: ac_nonexistent.h: No such file or directory
compilation terminated.
configure:11910: $? = 1
configure: failed program was:
| /* confdefs.h */
| #define PACKAGE_NAME "expat"
| #define PACKAGE_TARNAME "expat"
| #define PACKAGE_VERSION "2.1.0"
| #define PACKAGE_STRING "expat 2.1.0"
| #define PACKAGE_BUGREPORT "expat-bugs@libexpat.org"
| #define PACKAGE_URL ""
| #define STDC_HEADERS 1
| #define HAVE_SYS_TYPES_H 1
| #define HAVE_SYS_STAT_H 1
| #define HAVE_STDLIB_H 1
| #define HAVE_STRING_H 1
| #define HAVE_MEMORY_H 1
| #define HAVE_STRINGS_H 1
| #define HAVE_INTTYPES_H 1
| #define HAVE_STDINT_H 1
| #define HAVE_UNISTD_H 1
| #define HAVE_DLFCN_H 1
| #define LT_OBJDIR ".libs/"
| /* end confdefs.h.  */
| #include <ac_nonexistent.h>
configure:11935: result: g++ -E
configure:11955: g++ -E  conftest.cpp
configure:11955: $? = 0
configure:11969: g++ -E  conftest.cpp
conftest.cpp:21:28: fatal error: ac_nonexistent.h: No such file or directory
compilation terminated.
configure:11969: $? = 1
configure: failed program was:
| /* confdefs.h */
| #define PACKAGE_NAME "expat"
| #define PACKAGE_TARNAME "expat"
| #define PACKAGE_VERSION "2.1.0"
| #define PACKAGE_STRING "expat 2.1.0"
| #define PACKAGE_BUGREPORT "expat-bugs@libexpat.org"
| #define PACKAGE_URL ""
| #define STDC_HEADERS 1
| #define HAVE_SYS_TYPES_H 1
| #define HAVE_SYS_STAT_H 1
| #define HAVE_STDLIB_H 1
| #define HAVE_STRING_H 1
| #define HAVE_MEMORY_H 1
| #define HAVE_STRINGS_H 1
| #define HAVE_INTTYPES_H 1
| #define HAVE_STDINT_H 1
| #define HAVE_UNISTD_H 1
| #define HAVE_DLFCN_H 1
| #define LT_OBJDIR ".libs/"
| /* end confdefs.h.  */
| #include <ac_nonexistent.h>
configure:12139: checking for ld used by g++
configure:12206: result: /opt/hisi-linux/x86-arm/arm-himix200-linux/arm-linux-gnueabi/bin/ld
configure:12213: checking if the linker (/opt/hisi-linux/x86-arm/arm-himix200-linux/arm-linux-gnueabi/bin/ld) is GNU ld
configure:12228: result: yes
configure:12283: checking whether the g++ linker (/opt/hisi-linux/x86-arm/arm-himix200-linux/arm-linux-gnueabi/bin/ld) supports shared libraries
configure:13287: result: yes
configure:13322: g++ -c -g -O2  conftest.cpp >&5
configure:13325: $? = 0
configure:13845: checking for g++ option to produce PIC
configure:13852: result: -fPIC -DPIC
configure:13860: checking if g++ PIC flag -fPIC -DPIC works
configure:13878: g++ -c -g -O2  -fPIC -DPIC -DPIC conftest.cpp >&5
configure:13882: $? = 0
configure:13895: result: yes
configure:13918: checking if g++ static flag -static works
configure:13946: result: yes
configure:13958: checking if g++ supports -c -o file.o
configure:13979: g++ -c -g -O2  -o out/conftest2.o conftest.cpp >&5
configure:13983: $? = 0
configure:14005: result: yes
configure:14010: checking if g++ supports -c -o file.o
configure:14057: result: yes
configure:14087: checking whether the g++ linker (/opt/hisi-linux/x86-arm/arm-himix200-linux/arm-linux-gnueabi/bin/ld) supports shared libraries
configure:14124: result: yes
configure:14267: checking dynamic linker characteristics
configure:14950: result: GNU/Linux ld.so
configure:15003: checking how to hardcode library paths into programs
configure:15028: result: immediate
configure:15082: checking for a BSD-compatible install
configure:15150: result: /usr/bin/install -c
configure:15165: checking whether arm-himix200-linux-gcc accepts -fexceptions
configure:15178: arm-himix200-linux-gcc -o conftest -g -O2 -Wall -Wmissing-prototypes -Wstrict-prototypes -fexceptions   conftest.c  >&5
conftest.c:23:1: warning: function declaration isn't a prototype [-Wstrict-prototypes]
 main ()
 ^~~~
configure:15178: $? = 0
configure:15179: result: yes
configure:15190: checking for ANSI C header files
configure:15294: result: yes
configure:15304: checking whether byte ordering is bigendian
configure:15326: arm-himix200-linux-gcc -c -g -O2 -Wall -Wmissing-prototypes -Wstrict-prototypes -fexceptions  conftest.c >&5
conftest.c:25:1: warning: function declaration isn't a prototype [-Wstrict-prototypes]
 main ()
 ^~~~
configure:15326: $? = 0
configure:15343: arm-himix200-linux-gcc -c -g -O2 -Wall -Wmissing-prototypes -Wstrict-prototypes -fexceptions  conftest.c >&5
conftest.c:25:1: warning: function declaration isn't a prototype [-Wstrict-prototypes]
 main ()
 ^~~~
conftest.c: In function 'main':
conftest.c:29:2: error: unknown type name 'not'
  not big endian
  ^~~
conftest.c:29:10: error: expected '=', ',', ';', 'asm' or '__attribute__' before 'endian'
  not big endian
          ^~~~~~
configure:15343: $? = 1
configure: failed program was:
| /* confdefs.h */
| #define PACKAGE_NAME "expat"
| #define PACKAGE_TARNAME "expat"
| #define PACKAGE_VERSION "2.1.0"
| #define PACKAGE_STRING "expat 2.1.0"
| #define PACKAGE_BUGREPORT "expat-bugs@libexpat.org"
| #define PACKAGE_URL ""
| #define STDC_HEADERS 1
| #define HAVE_SYS_TYPES_H 1
| #define HAVE_SYS_STAT_H 1
| #define HAVE_STDLIB_H 1
| #define HAVE_STRING_H 1
| #define HAVE_MEMORY_H 1
| #define HAVE_STRINGS_H 1
| #define HAVE_INTTYPES_H 1
| #define HAVE_STDINT_H 1
| #define HAVE_UNISTD_H 1
| #define HAVE_DLFCN_H 1
| #define LT_OBJDIR ".libs/"
| #define STDC_HEADERS 1
| /* end confdefs.h.  */
| #include <sys/types.h>
| #include <sys/param.h>
| int
| main ()
| {
| 
| #if BYTE_ORDER != BIG_ENDIAN
|  not big endian
| #endif
|   ;
|   return 0;
| }
configure:15379: result: no
configure:15432: checking for an ANSI C-conforming const
configure:15497: arm-himix200-linux-gcc -c -g -O2 -Wall -Wmissing-prototypes -Wstrict-prototypes -fexceptions  conftest.c >&5
conftest.c:25:1: warning: function declaration isn't a prototype [-Wstrict-prototypes]
 main ()
 ^~~~
conftest.c: In function 'main':
conftest.c:52:7: warning: 't' is used uninitialized in this function [-Wuninitialized]
     *t++ = 0;
      ~^~
conftest.c:74:13: warning: 'cs[0]' is used uninitialized in this function [-Wuninitialized]
   return !cs[0] && !zero.x;
           ~~^~~
configure:15497: $? = 0
configure:15504: result: yes
configure:15512: checking for size_t
configure:15512: arm-himix200-linux-gcc -c -g -O2 -Wall -Wmissing-prototypes -Wstrict-prototypes -fexceptions  conftest.c >&5
conftest.c:57:1: warning: function declaration isn't a prototype [-Wstrict-prototypes]
 main ()
 ^~~~
configure:15512: $? = 0
configure:15512: arm-himix200-linux-gcc -c -g -O2 -Wall -Wmissing-prototypes -Wstrict-prototypes -fexceptions  conftest.c >&5
conftest.c:57:1: warning: function declaration isn't a prototype [-Wstrict-prototypes]
 main ()
 ^~~~
conftest.c: In function 'main':
conftest.c:59:21: error: expected expression before ')' token
 if (sizeof ((size_t)))
                     ^
configure:15512: $? = 1
configure: failed program was:
| /* confdefs.h */
| #define PACKAGE_NAME "expat"
| #define PACKAGE_TARNAME "expat"
| #define PACKAGE_VERSION "2.1.0"
| #define PACKAGE_STRING "expat 2.1.0"
| #define PACKAGE_BUGREPORT "expat-bugs@libexpat.org"
| #define PACKAGE_URL ""
| #define STDC_HEADERS 1
| #define HAVE_SYS_TYPES_H 1
| #define HAVE_SYS_STAT_H 1
| #define HAVE_STDLIB_H 1
| #define HAVE_STRING_H 1
| #define HAVE_MEMORY_H 1
| #define HAVE_STRINGS_H 1
| #define HAVE_INTTYPES_H 1
| #define HAVE_STDINT_H 1
| #define HAVE_UNISTD_H 1
| #define HAVE_DLFCN_H 1
| #define LT_OBJDIR ".libs/"
| #define STDC_HEADERS 1
| #define BYTEORDER 1234
| /* end confdefs.h.  */
| #include <stdio.h>
| #ifdef HAVE_SYS_TYPES_H
| # include <sys/types.h>
| #endif
| #ifdef HAVE_SYS_STAT_H
| # include <sys/stat.h>
| #endif
| #ifdef STDC_HEADERS
| # include <stdlib.h>
| # include <stddef.h>
| #else
| # ifdef HAVE_STDLIB_H
| #  include <stdlib.h>
| # endif
| #endif
| #ifdef HAVE_STRING_H
| # if !defined STDC_HEADERS && defined HAVE_MEMORY_H
| #  include <memory.h>
| # endif
| # include <string.h>
| #endif
| #ifdef HAVE_STRINGS_H
| # include <strings.h>
| #endif
| #ifdef HAVE_INTTYPES_H
| # include <inttypes.h>
| #endif
| #ifdef HAVE_STDINT_H
| # include <stdint.h>
| #endif
| #ifdef HAVE_UNISTD_H
| # include <unistd.h>
| #endif
| int
| main ()
| {
| if (sizeof ((size_t)))
| 	    return 0;
|   ;
|   return 0;
| }
configure:15512: result: yes
configure:15526: checking for memmove
configure:15526: arm-himix200-linux-gcc -o conftest -g -O2 -Wall -Wmissing-prototypes -Wstrict-prototypes -fexceptions   conftest.c  >&5
conftest.c:46:1: warning: function declaration isn't a prototype [-Wstrict-prototypes]
 char memmove ();
 ^~~~
conftest.c:46:6: warning: conflicting types for built-in function 'memmove'
 char memmove ();
      ^~~~~~~
conftest.c:55:1: warning: function declaration isn't a prototype [-Wstrict-prototypes]
 main ()
 ^~~~
configure:15526: $? = 0
configure:15526: result: yes
configure:15526: checking for bcopy
configure:15526: arm-himix200-linux-gcc -o conftest -g -O2 -Wall -Wmissing-prototypes -Wstrict-prototypes -fexceptions   conftest.c  >&5
conftest.c:47:1: warning: function declaration isn't a prototype [-Wstrict-prototypes]
 char bcopy ();
 ^~~~
conftest.c:47:6: warning: conflicting types for built-in function 'bcopy'
 char bcopy ();
      ^~~~~
conftest.c:56:1: warning: function declaration isn't a prototype [-Wstrict-prototypes]
 main ()
 ^~~~
configure:15526: $? = 0
configure:15526: result: yes
configure:15539: checking fcntl.h usability
configure:15539: arm-himix200-linux-gcc -c -g -O2 -Wall -Wmissing-prototypes -Wstrict-prototypes -fexceptions  conftest.c >&5
configure:15539: $? = 0
configure:15539: result: yes
configure:15539: checking fcntl.h presence
configure:15539: arm-himix200-linux-gcc -E  conftest.c
configure:15539: $? = 0
configure:15539: result: yes
configure:15539: checking for fcntl.h
configure:15539: result: yes
configure:15539: checking for unistd.h
configure:15539: result: yes
configure:15549: checking for off_t
configure:15549: arm-himix200-linux-gcc -c -g -O2 -Wall -Wmissing-prototypes -Wstrict-prototypes -fexceptions  conftest.c >&5
conftest.c:61:1: warning: function declaration isn't a prototype [-Wstrict-prototypes]
 main ()
 ^~~~
configure:15549: $? = 0
configure:15549: arm-himix200-linux-gcc -c -g -O2 -Wall -Wmissing-prototypes -Wstrict-prototypes -fexceptions  conftest.c >&5
conftest.c:61:1: warning: function declaration isn't a prototype [-Wstrict-prototypes]
 main ()
 ^~~~
conftest.c: In function 'main':
conftest.c:63:20: error: expected expression before ')' token
 if (sizeof ((off_t)))
                    ^
configure:15549: $? = 1
configure: failed program was:
| /* confdefs.h */
| #define PACKAGE_NAME "expat"
| #define PACKAGE_TARNAME "expat"
| #define PACKAGE_VERSION "2.1.0"
| #define PACKAGE_STRING "expat 2.1.0"
| #define PACKAGE_BUGREPORT "expat-bugs@libexpat.org"
| #define PACKAGE_URL ""
| #define STDC_HEADERS 1
| #define HAVE_SYS_TYPES_H 1
| #define HAVE_SYS_STAT_H 1
| #define HAVE_STDLIB_H 1
| #define HAVE_STRING_H 1
| #define HAVE_MEMORY_H 1
| #define HAVE_STRINGS_H 1
| #define HAVE_INTTYPES_H 1
| #define HAVE_STDINT_H 1
| #define HAVE_UNISTD_H 1
| #define HAVE_DLFCN_H 1
| #define LT_OBJDIR ".libs/"
| #define STDC_HEADERS 1
| #define BYTEORDER 1234
| #define HAVE_MEMMOVE 1
| #define HAVE_BCOPY 1
| #define HAVE_FCNTL_H 1
| #define HAVE_UNISTD_H 1
| /* end confdefs.h.  */
| #include <stdio.h>
| #ifdef HAVE_SYS_TYPES_H
| # include <sys/types.h>
| #endif
| #ifdef HAVE_SYS_STAT_H
| # include <sys/stat.h>
| #endif
| #ifdef STDC_HEADERS
| # include <stdlib.h>
| # include <stddef.h>
| #else
| # ifdef HAVE_STDLIB_H
| #  include <stdlib.h>
| # endif
| #endif
| #ifdef HAVE_STRING_H
| # if !defined STDC_HEADERS && defined HAVE_MEMORY_H
| #  include <memory.h>
| # endif
| # include <string.h>
| #endif
| #ifdef HAVE_STRINGS_H
| # include <strings.h>
| #endif
| #ifdef HAVE_INTTYPES_H
| # include <inttypes.h>
| #endif
| #ifdef HAVE_STDINT_H
| # include <stdint.h>
| #endif
| #ifdef HAVE_UNISTD_H
| # include <unistd.h>
| #endif
| int
| main ()
| {
| if (sizeof ((off_t)))
| 	    return 0;
|   ;
|   return 0;
| }
configure:15549: result: yes
configure:15566: checking for stdlib.h
configure:15566: result: yes
configure:15566: checking for unistd.h
configure:15566: result: yes
configure:15566: checking for sys/param.h
configure:15566: arm-himix200-linux-gcc -c -g -O2 -Wall -Wmissing-prototypes -Wstrict-prototypes -fexceptions  conftest.c >&5
configure:15566: $? = 0
configure:15566: result: yes
configure:15586: checking for getpagesize
configure:15586: arm-himix200-linux-gcc -o conftest -g -O2 -Wall -Wmissing-prototypes -Wstrict-prototypes -fexceptions   conftest.c  >&5
conftest.c:53:1: warning: function declaration isn't a prototype [-Wstrict-prototypes]
 char getpagesize ();
 ^~~~
conftest.c:62:1: warning: function declaration isn't a prototype [-Wstrict-prototypes]
 main ()
 ^~~~
configure:15586: $? = 0
configure:15586: result: yes
configure:15595: checking for working mmap
configure:15752: result: no
configure:15781: checking for arm-himix200-linux-gcc option to accept ISO C99
configure:15930: arm-himix200-linux-gcc  -c -g -O2 -Wall -Wmissing-prototypes -Wstrict-prototypes -fexceptions  conftest.c >&5
conftest.c: In function 'test_varargs':
conftest.c:102:9: warning: variable 'fnumber' set but not used [-Wunused-but-set-variable]
   float fnumber;
         ^~~~~~~
conftest.c:101:7: warning: variable 'number' set but not used [-Wunused-but-set-variable]
   int number;
       ^~~~~~
conftest.c:100:15: warning: variable 'str' set but not used [-Wunused-but-set-variable]
   const char *str;
               ^~~
conftest.c: At top level:
conftest.c:126:1: warning: function declaration isn't a prototype [-Wstrict-prototypes]
 main ()
 ^~~~
configure:15930: $? = 0
configure:15943: result: none needed
configure:16052: checking for arm-himix200-linux-gcc option to accept ISO Standard C
configure:16063: result: none needed
configure:16070: checking for an ANSI C99-conforming __func__
configure:16086: arm-himix200-linux-gcc -c -g -O2 -Wall -Wmissing-prototypes -Wstrict-prototypes -fexceptions  conftest.c >&5
conftest.c:33:1: warning: function declaration isn't a prototype [-Wstrict-prototypes]
 main ()
 ^~~~
conftest.c: In function 'main':
conftest.c:35:13: warning: initialization discards 'const' qualifier from pointer target type [-Wdiscarded-qualifiers]
 char *foo = __func__;
             ^~~~~~~~
conftest.c:35:7: warning: unused variable 'foo' [-Wunused-variable]
 char *foo = __func__;
       ^~~
configure:16086: $? = 0
configure:16109: result: yes
configure:16249: creating ./config.status

## ---------------------- ##
## Running config.status. ##
## ---------------------- ##

This file was extended by expat config.status 2.1.0, which was
generated by GNU Autoconf 2.68.  Invocation command line was

  CONFIG_FILES    = 
  CONFIG_HEADERS  = 
  CONFIG_LINKS    = 
  CONFIG_COMMANDS = 
  $ ./config.status 

on compi03-an

config.status:1134: creating Makefile
config.status:1237: WARNING:  'Makefile.in' seems to ignore the --datarootdir setting
config.status:1134: creating expat.pc
config.status:1134: creating expat_config.h
config.status:1309: expat_config.h is unchanged
config.status:1323: executing libtool commands

## ---------------- ##
## Cache variables. ##
## ---------------- ##

ac_cv_build=x86_64-unknown-linux-gnu
ac_cv_c_bigendian=no
ac_cv_c_compiler_gnu=yes
ac_cv_c_const=yes
ac_cv_cpp_func=yes
ac_cv_cxx_compiler_gnu=yes
ac_cv_env_CCC_set=
ac_cv_env_CCC_value=
ac_cv_env_CC_set=set
ac_cv_env_CC_value=arm-himix200-linux-gcc
ac_cv_env_CFLAGS_set=
ac_cv_env_CFLAGS_value=
ac_cv_env_CPPFLAGS_set=
ac_cv_env_CPPFLAGS_value=
ac_cv_env_CPP_set=
ac_cv_env_CPP_value=
ac_cv_env_CXXCPP_set=
ac_cv_env_CXXCPP_value=
ac_cv_env_CXXFLAGS_set=
ac_cv_env_CXXFLAGS_value=
ac_cv_env_CXX_set=
ac_cv_env_CXX_value=
ac_cv_env_LDFLAGS_set=
ac_cv_env_LDFLAGS_value=
ac_cv_env_LIBS_set=
ac_cv_env_LIBS_value=
ac_cv_env_build_alias_set=
ac_cv_env_build_alias_value=
ac_cv_env_host_alias_set=set
ac_cv_env_host_alias_value=arm-linux
ac_cv_env_target_alias_set=
ac_cv_env_target_alias_value=
ac_cv_func_bcopy=yes
ac_cv_func_getpagesize=yes
ac_cv_func_memmove=yes
ac_cv_func_mmap_fixed_mapped=no
ac_cv_header_dlfcn_h=yes
ac_cv_header_fcntl_h=yes
ac_cv_header_inttypes_h=yes
ac_cv_header_memory_h=yes
ac_cv_header_stdc=yes
ac_cv_header_stdint_h=yes
ac_cv_header_stdlib_h=yes
ac_cv_header_string_h=yes
ac_cv_header_strings_h=yes
ac_cv_header_sys_param_h=yes
ac_cv_header_sys_stat_h=yes
ac_cv_header_sys_types_h=yes
ac_cv_header_unistd_h=yes
ac_cv_host=arm-unknown-linux-gnu
ac_cv_objext=o
ac_cv_path_EGREP='/bin/grep -E'
ac_cv_path_FGREP='/bin/grep -F'
ac_cv_path_GREP=/bin/grep
ac_cv_path_SED=/bin/sed
ac_cv_path_install='/usr/bin/install -c'
ac_cv_prog_AWK=gawk
ac_cv_prog_CC=arm-himix200-linux-gcc
ac_cv_prog_CPP='arm-himix200-linux-gcc -E'
ac_cv_prog_CXXCPP='g++ -E'
ac_cv_prog_DLLTOOL=dlltool
ac_cv_prog_OBJDUMP=objdump
ac_cv_prog_ac_ct_AR=ar
ac_cv_prog_ac_ct_CXX=g++
ac_cv_prog_ac_ct_DUMPBIN='link -dump'
ac_cv_prog_ac_ct_MANIFEST_TOOL=mt
ac_cv_prog_ac_ct_RANLIB=ranlib
ac_cv_prog_ac_ct_STRIP=strip
ac_cv_prog_cc_c89=
ac_cv_prog_cc_c99=
ac_cv_prog_cc_g=yes
ac_cv_prog_cc_stdc=
ac_cv_prog_cxx_g=yes
ac_cv_type_off_t=yes
ac_cv_type_size_t=yes
lt_cv_ar_at_file=@
lt_cv_archive_cmds_need_lc=no
lt_cv_deplibs_check_method=pass_all
lt_cv_file_magic_cmd='$MAGIC_CMD'
lt_cv_file_magic_test_file=
lt_cv_ld_reload_flag=-r
lt_cv_nm_interface='BSD nm'
lt_cv_objdir=.libs
lt_cv_path_LD=/opt/hisi-linux/x86-arm/arm-himix200-linux/arm-linux-gnueabi/bin/ld
lt_cv_path_LDCXX=/opt/hisi-linux/x86-arm/arm-himix200-linux/arm-linux-gnueabi/bin/ld
lt_cv_path_NM=no
lt_cv_path_mainfest_tool=no
lt_cv_prog_compiler_c_o=yes
lt_cv_prog_compiler_c_o_CXX=yes
lt_cv_prog_compiler_pic='-fPIC -DPIC'
lt_cv_prog_compiler_pic_CXX='-fPIC -DPIC'
lt_cv_prog_compiler_pic_works=yes
lt_cv_prog_compiler_pic_works_CXX=yes
lt_cv_prog_compiler_rtti_exceptions=no
lt_cv_prog_compiler_static_works=yes
lt_cv_prog_compiler_static_works_CXX=yes
lt_cv_prog_gnu_ld=yes
lt_cv_prog_gnu_ldcxx=yes
lt_cv_sharedlib_from_linklib_cmd='printf %s\n'
lt_cv_shlibpath_overrides_runpath=no
lt_cv_sys_global_symbol_pipe='sed -n -e '\''s/^.*[	 ]\([ABCDGIRSTW][ABCDGIRSTW]*\)[	 ][	 ]*\([_A-Za-z][_A-Za-z0-9]*\)$/\1 \2 \2/p'\'' | sed '\''/ __gnu_lto/d'\'''
lt_cv_sys_global_symbol_to_c_name_address='sed -n -e '\''s/^: \([^ ]*\)[ ]*$/  {\"\1\", (void *) 0},/p'\'' -e '\''s/^[ABCDGIRSTW]* \([^ ]*\) \([^ ]*\)$/  {"\2", (void *) \&\2},/p'\'''
lt_cv_sys_global_symbol_to_c_name_address_lib_prefix='sed -n -e '\''s/^: \([^ ]*\)[ ]*$/  {\"\1\", (void *) 0},/p'\'' -e '\''s/^[ABCDGIRSTW]* \([^ ]*\) \(lib[^ ]*\)$/  {"\2", (void *) \&\2},/p'\'' -e '\''s/^[ABCDGIRSTW]* \([^ ]*\) \([^ ]*\)$/  {"lib\2", (void *) \&\2},/p'\'''
lt_cv_sys_global_symbol_to_cdecl='sed -n -e '\''s/^T .* \(.*\)$/extern int \1();/p'\'' -e '\''s/^[ABCDGIRSTW]* .* \(.*\)$/extern char \1;/p'\'''
lt_cv_sys_max_cmd_len=1572864
lt_cv_to_host_file_cmd=func_convert_file_noop
lt_cv_to_tool_file_cmd=func_convert_file_noop

## ----------------- ##
## Output variables. ##
## ----------------- ##

AR='ar'
AS='as'
AWK='gawk'
CC='arm-himix200-linux-gcc'
CFLAGS='-g -O2 -Wall -Wmissing-prototypes -Wstrict-prototypes -fexceptions'
CPP='arm-himix200-linux-gcc -E'
CPPFLAGS=''
CXX='g++'
CXXCPP='g++ -E'
CXXFLAGS='-g -O2 -Wall -fexceptions'
DEFS='-DHAVE_CONFIG_H'
DLLTOOL='dlltool'
DSYMUTIL=''
DUMPBIN=':'
ECHO_C=''
ECHO_N='-n'
ECHO_T=''
EGREP='/bin/grep -E'
EXEEXT=''
FGREP='/bin/grep -F'
FILEMAP='readfilemap'
GREP='/bin/grep'
INSTALL_DATA='${INSTALL} -m 644'
INSTALL_PROGRAM='${INSTALL}'
INSTALL_SCRIPT='${INSTALL}'
LD='/opt/hisi-linux/x86-arm/arm-himix200-linux/arm-linux-gnueabi/bin/ld'
LDFLAGS=''
LIBAGE='6'
LIBCURRENT='7'
LIBOBJS=''
LIBREVISION='0'
LIBS=''
LIBTOOL='$(SHELL) $(top_builddir)/libtool'
LIPO=''
LN_S='ln -s'
LTLIBOBJS=''
MANIFEST_TOOL=':'
NM='nm'
NMEDIT=''
OBJDUMP='objdump'
OBJEXT='o'
OTOOL64=''
OTOOL=''
PACKAGE_BUGREPORT='expat-bugs@libexpat.org'
PACKAGE_NAME='expat'
PACKAGE_STRING='expat 2.1.0'
PACKAGE_TARNAME='expat'
PACKAGE_URL=''
PACKAGE_VERSION='2.1.0'
PATH_SEPARATOR=':'
RANLIB='ranlib'
SED='/bin/sed'
SHELL='/bin/sh'
STRIP='strip'
ac_ct_AR='ar'
ac_ct_CC=''
ac_ct_CXX='g++'
ac_ct_DUMPBIN='link -dump'
bindir='${exec_prefix}/bin'
build='x86_64-unknown-linux-gnu'
build_alias=''
build_cpu='x86_64'
build_os='linux-gnu'
build_vendor='unknown'
datadir='${datarootdir}'
datarootdir='${prefix}/share'
docdir='${datarootdir}/doc/${PACKAGE_TARNAME}'
dvidir='${docdir}'
exec_prefix='${prefix}'
host='arm-unknown-linux-gnu'
host_alias='arm-linux'
host_cpu='arm'
host_os='linux-gnu'
host_vendor='unknown'
htmldir='${docdir}'
includedir='${prefix}/include'
infodir='${datarootdir}/info'
libdir='${exec_prefix}/lib'
libexecdir='${exec_prefix}/libexec'
localedir='${datarootdir}/locale'
localstatedir='${prefix}/var'
mandir='${datarootdir}/man'
oldincludedir='/usr/include'
pdfdir='${docdir}'
prefix='/disk4/liangshen/practice/bluez_outdir'
program_transform_name='s,x,x,'
psdir='${docdir}'
sbindir='${exec_prefix}/sbin'
sharedstatedir='${prefix}/com'
sysconfdir='${prefix}/etc'
target_alias=''

## ----------- ##
## confdefs.h. ##
## ----------- ##

/* confdefs.h */
#define PACKAGE_NAME "expat"
#define PACKAGE_TARNAME "expat"
#define PACKAGE_VERSION "2.1.0"
#define PACKAGE_STRING "expat 2.1.0"
#define PACKAGE_BUGREPORT "expat-bugs@libexpat.org"
#define PACKAGE_URL ""
#define STDC_HEADERS 1
#define HAVE_SYS_TYPES_H 1
#define HAVE_SYS_STAT_H 1
#define HAVE_STDLIB_H 1
#define HAVE_STRING_H 1
#define HAVE_MEMORY_H 1
#define HAVE_STRINGS_H 1
#define HAVE_INTTYPES_H 1
#define HAVE_STDINT_H 1
#define HAVE_UNISTD_H 1
#define HAVE_DLFCN_H 1
#define LT_OBJDIR ".libs/"
#define STDC_HEADERS 1
#define BYTEORDER 1234
#define HAVE_MEMMOVE 1
#define HAVE_BCOPY 1
#define HAVE_FCNTL_H 1
#define HAVE_UNISTD_H 1
#define HAVE_STDLIB_H 1
#define HAVE_UNISTD_H 1
#define HAVE_SYS_PARAM_H 1
#define HAVE_GETPAGESIZE 1
#define XML_NS 1
#define XML_DTD 1
#define XML_CONTEXT_BYTES 1024

configure: exit 0
